<?xml version="1.0" encoding="UTF-8"?>
<!DOCTYPE coverage SYSTEM "http://cobertura.sourceforge.net/xml/coverage-04.dtd">
<coverage line-rate="0.87719298245614" branch-rate="0" lines-covered="500" lines-valid="570" branches-covered="0" branches-valid="0" complexity="284" version="0.4" timestamp="1763940852">
  <sources>
    <source>/app/src</source>
  </sources>
  <packages>
    <package name="Models/Concerns/Abilities.php" line-rate="1" branch-rate="0" complexity="14">
      <classes>
        <class name="Playground\Models\Concerns\Abilities" filename="Models/Concerns/Abilities.php" line-rate="1" branch-rate="0" complexity="14">
          <methods>
            <method name="hasAbility" signature="mixed $ability" line-rate="1" branch-rate="0" complexity="4">
              <lines>
                <line number="22" hits="2"/>
                <line number="23" hits="1"/>
                <line number="26" hits="2"/>
                <line number="28" hits="2"/>
              </lines>
            </method>
            <method name="addAbility" signature="mixed $ability" line-rate="1" branch-rate="0" complexity="5">
              <lines>
                <line number="38" hits="2"/>
                <line number="39" hits="2"/>
                <line number="40" hits="1"/>
                <line number="43" hits="2"/>
                <line number="44" hits="2"/>
                <line number="45" hits="2"/>
                <line number="47" hits="1"/>
                <line number="50" hits="2"/>
                <line number="52" hits="2"/>
              </lines>
            </method>
            <method name="removeAbility" signature="mixed $ability" line-rate="1" branch-rate="0" complexity="5">
              <lines>
                <line number="62" hits="1"/>
                <line number="63" hits="1"/>
                <line number="64" hits="1"/>
                <line number="67" hits="1"/>
                <line number="68" hits="1"/>
                <line number="69" hits="1"/>
                <line number="71" hits="1"/>
                <line number="74" hits="1"/>
                <line number="76" hits="1"/>
              </lines>
            </method>
          </methods>
          <lines>
            <line number="22" hits="2"/>
            <line number="23" hits="1"/>
            <line number="26" hits="2"/>
            <line number="28" hits="2"/>
            <line number="38" hits="2"/>
            <line number="39" hits="2"/>
            <line number="40" hits="1"/>
            <line number="43" hits="2"/>
            <line number="44" hits="2"/>
            <line number="45" hits="2"/>
            <line number="47" hits="1"/>
            <line number="50" hits="2"/>
            <line number="52" hits="2"/>
            <line number="62" hits="1"/>
            <line number="63" hits="1"/>
            <line number="64" hits="1"/>
            <line number="67" hits="1"/>
            <line number="68" hits="1"/>
            <line number="69" hits="1"/>
            <line number="71" hits="1"/>
            <line number="74" hits="1"/>
            <line number="76" hits="1"/>
          </lines>
        </class>
      </classes>
    </package>
    <package name="Models/Concerns/Admin.php" line-rate="1" branch-rate="0" complexity="3">
      <classes>
        <class name="Playground\Models\Concerns\Admin" filename="Models/Concerns/Admin.php" line-rate="1" branch-rate="0" complexity="3">
          <methods>
            <method name="isAdmin" signature="" line-rate="1" branch-rate="0" complexity="3">
              <lines>
                <line number="20" hits="1"/>
                <line number="21" hits="1"/>
                <line number="22" hits="1"/>
              </lines>
            </method>
          </methods>
          <lines>
            <line number="20" hits="1"/>
            <line number="21" hits="1"/>
            <line number="22" hits="1"/>
          </lines>
        </class>
      </classes>
    </package>
    <package name="Models/Concerns/Privileges.php" line-rate="1" branch-rate="0" complexity="14">
      <classes>
        <class name="Playground\Models\Concerns\Privileges" filename="Models/Concerns/Privileges.php" line-rate="1" branch-rate="0" complexity="14">
          <methods>
            <method name="hasPrivilege" signature="mixed $privilege" line-rate="1" branch-rate="0" complexity="4">
              <lines>
                <line number="22" hits="2"/>
                <line number="23" hits="1"/>
                <line number="26" hits="2"/>
                <line number="28" hits="2"/>
              </lines>
            </method>
            <method name="addPrivilege" signature="mixed $privilege" line-rate="1" branch-rate="0" complexity="5">
              <lines>
                <line number="38" hits="2"/>
                <line number="39" hits="2"/>
                <line number="40" hits="1"/>
                <line number="43" hits="2"/>
                <line number="44" hits="2"/>
                <line number="45" hits="2"/>
                <line number="47" hits="1"/>
                <line number="50" hits="2"/>
                <line number="52" hits="2"/>
              </lines>
            </method>
            <method name="removePrivilege" signature="mixed $privilege" line-rate="1" branch-rate="0" complexity="5">
              <lines>
                <line number="62" hits="1"/>
                <line number="63" hits="1"/>
                <line number="64" hits="1"/>
                <line number="67" hits="1"/>
                <line number="68" hits="1"/>
                <line number="69" hits="1"/>
                <line number="71" hits="1"/>
                <line number="74" hits="1"/>
                <line number="76" hits="1"/>
              </lines>
            </method>
          </methods>
          <lines>
            <line number="22" hits="2"/>
            <line number="23" hits="1"/>
            <line number="26" hits="2"/>
            <line number="28" hits="2"/>
            <line number="38" hits="2"/>
            <line number="39" hits="2"/>
            <line number="40" hits="1"/>
            <line number="43" hits="2"/>
            <line number="44" hits="2"/>
            <line number="45" hits="2"/>
            <line number="47" hits="1"/>
            <line number="50" hits="2"/>
            <line number="52" hits="2"/>
            <line number="62" hits="1"/>
            <line number="63" hits="1"/>
            <line number="64" hits="1"/>
            <line number="67" hits="1"/>
            <line number="68" hits="1"/>
            <line number="69" hits="1"/>
            <line number="71" hits="1"/>
            <line number="74" hits="1"/>
            <line number="76" hits="1"/>
          </lines>
        </class>
      </classes>
    </package>
    <package name="Models/Concerns/Role.php" line-rate="1" branch-rate="0" complexity="16">
      <classes>
        <class name="Playground\Models\Concerns\Role" filename="Models/Concerns/Role.php" line-rate="1" branch-rate="0" complexity="16">
          <methods>
            <method name="hasRole" signature="mixed $role" line-rate="1" branch-rate="0" complexity="5">
              <lines>
                <line number="25" hits="3"/>
                <line number="26" hits="1"/>
                <line number="29" hits="3"/>
                <line number="30" hits="3"/>
                <line number="33" hits="2"/>
                <line number="35" hits="2"/>
              </lines>
            </method>
            <method name="addRole" signature="mixed $role" line-rate="1" branch-rate="0" complexity="6">
              <lines>
                <line number="45" hits="2"/>
                <line number="46" hits="2"/>
                <line number="47" hits="1"/>
                <line number="50" hits="2"/>
                <line number="51" hits="2"/>
                <line number="52" hits="2"/>
                <line number="53" hits="2"/>
                <line number="54" hits="2"/>
                <line number="55" hits="2"/>
                <line number="57" hits="1"/>
                <line number="60" hits="2"/>
                <line number="62" hits="2"/>
              </lines>
            </method>
            <method name="removeRole" signature="mixed $role" line-rate="1" branch-rate="0" complexity="5">
              <lines>
                <line number="72" hits="1"/>
                <line number="73" hits="1"/>
                <line number="74" hits="1"/>
                <line number="77" hits="1"/>
                <line number="78" hits="1"/>
                <line number="79" hits="1"/>
                <line number="81" hits="1"/>
                <line number="84" hits="1"/>
                <line number="86" hits="1"/>
              </lines>
            </method>
          </methods>
          <lines>
            <line number="25" hits="3"/>
            <line number="26" hits="1"/>
            <line number="29" hits="3"/>
            <line number="30" hits="3"/>
            <line number="33" hits="2"/>
            <line number="35" hits="2"/>
            <line number="45" hits="2"/>
            <line number="46" hits="2"/>
            <line number="47" hits="1"/>
            <line number="50" hits="2"/>
            <line number="51" hits="2"/>
            <line number="52" hits="2"/>
            <line number="53" hits="2"/>
            <line number="54" hits="2"/>
            <line number="55" hits="2"/>
            <line number="57" hits="1"/>
            <line number="60" hits="2"/>
            <line number="62" hits="2"/>
            <line number="72" hits="1"/>
            <line number="73" hits="1"/>
            <line number="74" hits="1"/>
            <line number="77" hits="1"/>
            <line number="78" hits="1"/>
            <line number="79" hits="1"/>
            <line number="81" hits="1"/>
            <line number="84" hits="1"/>
            <line number="86" hits="1"/>
          </lines>
        </class>
      </classes>
    </package>
    <package name="Models/Concerns/WithChildren.php" line-rate="1" branch-rate="0" complexity="1">
      <classes>
        <class name="Playground\Models\Concerns\WithChildren" filename="Models/Concerns/WithChildren.php" line-rate="1" branch-rate="0" complexity="1">
          <methods>
            <method name="children" signature="" line-rate="1" branch-rate="0" complexity="1">
              <lines>
                <line number="22" hits="1"/>
                <line number="23" hits="1"/>
                <line number="24" hits="1"/>
                <line number="25" hits="1"/>
                <line number="26" hits="1"/>
              </lines>
            </method>
          </methods>
          <lines>
            <line number="22" hits="1"/>
            <line number="23" hits="1"/>
            <line number="24" hits="1"/>
            <line number="25" hits="1"/>
            <line number="26" hits="1"/>
          </lines>
        </class>
      </classes>
    </package>
    <package name="Models/Concerns/WithCreator.php" line-rate="1" branch-rate="0" complexity="1">
      <classes>
        <class name="Playground\Models\Concerns\WithCreator" filename="Models/Concerns/WithCreator.php" line-rate="1" branch-rate="0" complexity="1">
          <methods>
            <method name="creator" signature="" line-rate="1" branch-rate="0" complexity="1">
              <lines>
                <line number="25" hits="1"/>
                <line number="27" hits="1"/>
              </lines>
            </method>
          </methods>
          <lines>
            <line number="25" hits="1"/>
            <line number="27" hits="1"/>
          </lines>
        </class>
      </classes>
    </package>
    <package name="Models/Concerns/WithModifier.php" line-rate="1" branch-rate="0" complexity="1">
      <classes>
        <class name="Playground\Models\Concerns\WithModifier" filename="Models/Concerns/WithModifier.php" line-rate="1" branch-rate="0" complexity="1">
          <methods>
            <method name="modifier" signature="" line-rate="1" branch-rate="0" complexity="1">
              <lines>
                <line number="28" hits="1"/>
                <line number="30" hits="1"/>
              </lines>
            </method>
          </methods>
          <lines>
            <line number="28" hits="1"/>
            <line number="30" hits="1"/>
          </lines>
        </class>
      </classes>
    </package>
    <package name="Models/Concerns/WithOwner.php" line-rate="1" branch-rate="0" complexity="1">
      <classes>
        <class name="Playground\Models\Concerns\WithOwner" filename="Models/Concerns/WithOwner.php" line-rate="1" branch-rate="0" complexity="1">
          <methods>
            <method name="owner" signature="" line-rate="1" branch-rate="0" complexity="1">
              <lines>
                <line number="25" hits="1"/>
                <line number="27" hits="1"/>
              </lines>
            </method>
          </methods>
          <lines>
            <line number="25" hits="1"/>
            <line number="27" hits="1"/>
          </lines>
        </class>
      </classes>
    </package>
    <package name="Models/Concerns/WithParent.php" line-rate="1" branch-rate="0" complexity="1">
      <classes>
        <class name="Playground\Models\Concerns\WithParent" filename="Models/Concerns/WithParent.php" line-rate="1" branch-rate="0" complexity="1">
          <methods>
            <method name="parent" signature="" line-rate="1" branch-rate="0" complexity="1">
              <lines>
                <line number="26" hits="1"/>
                <line number="27" hits="1"/>
                <line number="28" hits="1"/>
                <line number="29" hits="1"/>
                <line number="30" hits="1"/>
              </lines>
            </method>
          </methods>
          <lines>
            <line number="26" hits="1"/>
            <line number="27" hits="1"/>
            <line number="28" hits="1"/>
            <line number="29" hits="1"/>
            <line number="30" hits="1"/>
          </lines>
        </class>
      </classes>
    </package>
    <package name="Models/Contracts/Abilities.php" line-rate="0" branch-rate="0" complexity="0">
      <classes/>
    </package>
    <package name="Models/Contracts/Admin.php" line-rate="0" branch-rate="0" complexity="0">
      <classes/>
    </package>
    <package name="Models/Contracts/Privileges.php" line-rate="0" branch-rate="0" complexity="0">
      <classes/>
    </package>
    <package name="Models/Contracts/Revision.php" line-rate="0" branch-rate="0" complexity="0">
      <classes/>
    </package>
    <package name="Models/Contracts/Role.php" line-rate="0" branch-rate="0" complexity="0">
      <classes/>
    </package>
    <package name="Models/Contracts/WithChildren.php" line-rate="0" branch-rate="0" complexity="0">
      <classes/>
    </package>
    <package name="Models/Contracts/WithCreator.php" line-rate="0" branch-rate="0" complexity="0">
      <classes/>
    </package>
    <package name="Models/Contracts/WithMatrix.php" line-rate="0" branch-rate="0" complexity="0">
      <classes/>
    </package>
    <package name="Models/Contracts/WithModifier.php" line-rate="0" branch-rate="0" complexity="0">
      <classes/>
    </package>
    <package name="Models/Contracts/WithOwner.php" line-rate="0" branch-rate="0" complexity="0">
      <classes/>
    </package>
    <package name="Models/Contracts/WithParent.php" line-rate="0" branch-rate="0" complexity="0">
      <classes/>
    </package>
    <package name="Models/Model.php" line-rate="0" branch-rate="0" complexity="2">
      <classes>
        <class name="Playground\Models\Model" filename="Models/Model.php" line-rate="0" branch-rate="0" complexity="2">
          <methods>
            <method name="labelOrTitle" signature="" line-rate="0" branch-rate="0" complexity="2">
              <lines>
                <line number="69" hits="0"/>
                <line number="70" hits="0"/>
                <line number="71" hits="0"/>
                <line number="72" hits="0"/>
                <line number="73" hits="0"/>
                <line number="74" hits="0"/>
              </lines>
            </method>
          </methods>
          <lines>
            <line number="69" hits="0"/>
            <line number="70" hits="0"/>
            <line number="71" hits="0"/>
            <line number="72" hits="0"/>
            <line number="73" hits="0"/>
            <line number="74" hits="0"/>
          </lines>
        </class>
      </classes>
    </package>
    <package name="Models/Scopes/ScopeFilterColumns.php" line-rate="1" branch-rate="0" complexity="32">
      <classes>
        <class name="Playground\Models\Scopes\ScopeFilterColumns" filename="Models/Scopes/ScopeFilterColumns.php" line-rate="1" branch-rate="0" complexity="32">
          <methods>
            <method name="scopeFilterColumns" signature="Illuminate\Database\Eloquent\Builder $query, array $columns, array $validated" line-rate="1" branch-rate="0" complexity="32">
              <lines>
                <line number="30" hits="15"/>
                <line number="31" hits="2"/>
                <line number="34" hits="13"/>
                <line number="35" hits="13"/>
                <line number="36" hits="13"/>
                <line number="38" hits="13"/>
                <line number="39" hits="13"/>
                <line number="40" hits="13"/>
                <line number="41" hits="13"/>
                <line number="42" hits="13"/>
                <line number="43" hits="13"/>
                <line number="44" hits="13"/>
                <line number="45" hits="13"/>
                <line number="46" hits="13"/>
                <line number="47" hits="13"/>
                <line number="48" hits="13"/>
                <line number="49" hits="13"/>
                <line number="50" hits="13"/>
                <line number="51" hits="13"/>
                <line number="52" hits="13"/>
                <line number="53" hits="13"/>
                <line number="54" hits="13"/>
                <line number="56" hits="13"/>
                <line number="58" hits="13"/>
                <line number="64" hits="13"/>
                <line number="65" hits="13"/>
                <line number="66" hits="13"/>
                <line number="67" hits="13"/>
                <line number="70" hits="3"/>
                <line number="73" hits="12"/>
                <line number="74" hits="12"/>
                <line number="75" hits="12"/>
                <line number="76" hits="12"/>
                <line number="78" hits="3"/>
                <line number="81" hits="12"/>
                <line number="82" hits="12"/>
                <line number="83" hits="12"/>
                <line number="85" hits="12"/>
                <line number="86" hits="3"/>
                <line number="87" hits="3"/>
                <line number="88" hits="3"/>
                <line number="89" hits="3"/>
                <line number="90" hits="3"/>
                <line number="91" hits="3"/>
                <line number="92" hits="3"/>
                <line number="93" hits="3"/>
                <line number="95" hits="9"/>
                <line number="96" hits="6"/>
                <line number="97" hits="6"/>
                <line number="98" hits="6"/>
                <line number="99" hits="6"/>
                <line number="100" hits="6"/>
                <line number="101" hits="6"/>
                <line number="103" hits="5"/>
                <line number="106" hits="6"/>
                <line number="107" hits="6"/>
                <line number="110" hits="3"/>
                <line number="113" hits="9"/>
                <line number="115" hits="1"/>
                <line number="118" hits="8"/>
                <line number="119" hits="3"/>
                <line number="122" hits="8"/>
                <line number="123" hits="4"/>
                <line number="124" hits="5"/>
                <line number="125" hits="1"/>
                <line number="126" hits="1"/>
                <line number="127" hits="1"/>
                <line number="128" hits="1"/>
                <line number="129" hits="1"/>
                <line number="130" hits="5"/>
                <line number="131" hits="1"/>
                <line number="132" hits="5"/>
                <line number="133" hits="1"/>
                <line number="134" hits="5"/>
                <line number="135" hits="2"/>
                <line number="136" hits="1"/>
                <line number="138" hits="3"/>
                <line number="139" hits="2"/>
                <line number="140" hits="1"/>
                <line number="143" hits="1"/>
                <line number="155" hits="13"/>
              </lines>
            </method>
          </methods>
          <lines>
            <line number="30" hits="15"/>
            <line number="31" hits="2"/>
            <line number="34" hits="13"/>
            <line number="35" hits="13"/>
            <line number="36" hits="13"/>
            <line number="38" hits="13"/>
            <line number="39" hits="13"/>
            <line number="40" hits="13"/>
            <line number="41" hits="13"/>
            <line number="42" hits="13"/>
            <line number="43" hits="13"/>
            <line number="44" hits="13"/>
            <line number="45" hits="13"/>
            <line number="46" hits="13"/>
            <line number="47" hits="13"/>
            <line number="48" hits="13"/>
            <line number="49" hits="13"/>
            <line number="50" hits="13"/>
            <line number="51" hits="13"/>
            <line number="52" hits="13"/>
            <line number="53" hits="13"/>
            <line number="54" hits="13"/>
            <line number="56" hits="13"/>
            <line number="58" hits="13"/>
            <line number="64" hits="13"/>
            <line number="65" hits="13"/>
            <line number="66" hits="13"/>
            <line number="67" hits="13"/>
            <line number="70" hits="3"/>
            <line number="73" hits="12"/>
            <line number="74" hits="12"/>
            <line number="75" hits="12"/>
            <line number="76" hits="12"/>
            <line number="78" hits="3"/>
            <line number="81" hits="12"/>
            <line number="82" hits="12"/>
            <line number="83" hits="12"/>
            <line number="85" hits="12"/>
            <line number="86" hits="3"/>
            <line number="87" hits="3"/>
            <line number="88" hits="3"/>
            <line number="89" hits="3"/>
            <line number="90" hits="3"/>
            <line number="91" hits="3"/>
            <line number="92" hits="3"/>
            <line number="93" hits="3"/>
            <line number="95" hits="9"/>
            <line number="96" hits="6"/>
            <line number="97" hits="6"/>
            <line number="98" hits="6"/>
            <line number="99" hits="6"/>
            <line number="100" hits="6"/>
            <line number="101" hits="6"/>
            <line number="103" hits="5"/>
            <line number="106" hits="6"/>
            <line number="107" hits="6"/>
            <line number="110" hits="3"/>
            <line number="113" hits="9"/>
            <line number="115" hits="1"/>
            <line number="118" hits="8"/>
            <line number="119" hits="3"/>
            <line number="122" hits="8"/>
            <line number="123" hits="4"/>
            <line number="124" hits="5"/>
            <line number="125" hits="1"/>
            <line number="126" hits="1"/>
            <line number="127" hits="1"/>
            <line number="128" hits="1"/>
            <line number="129" hits="1"/>
            <line number="130" hits="5"/>
            <line number="131" hits="1"/>
            <line number="132" hits="5"/>
            <line number="133" hits="1"/>
            <line number="134" hits="5"/>
            <line number="135" hits="2"/>
            <line number="136" hits="1"/>
            <line number="138" hits="3"/>
            <line number="139" hits="2"/>
            <line number="140" hits="1"/>
            <line number="143" hits="1"/>
            <line number="155" hits="13"/>
          </lines>
        </class>
      </classes>
    </package>
    <package name="Models/Scopes/ScopeFilterDates.php" line-rate="1" branch-rate="0" complexity="46">
      <classes>
        <class name="Playground\Models\Scopes\ScopeFilterDates" filename="Models/Scopes/ScopeFilterDates.php" line-rate="1" branch-rate="0" complexity="46">
          <methods>
            <method name="scopeFilterDates" signature="Illuminate\Database\Eloquent\Builder $query, array $dates, array $validated" line-rate="1" branch-rate="0" complexity="46">
              <lines>
                <line number="32" hits="18"/>
                <line number="33" hits="2"/>
                <line number="36" hits="16"/>
                <line number="37" hits="16"/>
                <line number="38" hits="16"/>
                <line number="40" hits="16"/>
                <line number="41" hits="16"/>
                <line number="42" hits="16"/>
                <line number="43" hits="16"/>
                <line number="44" hits="16"/>
                <line number="45" hits="16"/>
                <line number="46" hits="16"/>
                <line number="47" hits="16"/>
                <line number="48" hits="16"/>
                <line number="49" hits="16"/>
                <line number="50" hits="16"/>
                <line number="51" hits="16"/>
                <line number="52" hits="16"/>
                <line number="53" hits="16"/>
                <line number="54" hits="16"/>
                <line number="55" hits="16"/>
                <line number="56" hits="16"/>
                <line number="58" hits="16"/>
                <line number="60" hits="16"/>
                <line number="62" hits="16"/>
                <line number="63" hits="16"/>
                <line number="64" hits="16"/>
                <line number="65" hits="16"/>
                <line number="68" hits="4"/>
                <line number="71" hits="15"/>
                <line number="73" hits="15"/>
                <line number="74" hits="15"/>
                <line number="75" hits="15"/>
                <line number="77" hits="15"/>
                <line number="79" hits="15"/>
                <line number="80" hits="2"/>
                <line number="81" hits="1"/>
                <line number="83" hits="1"/>
                <line number="85" hits="13"/>
                <line number="87" hits="9"/>
                <line number="88" hits="9"/>
                <line number="89" hits="9"/>
                <line number="90" hits="9"/>
                <line number="91" hits="9"/>
                <line number="92" hits="9"/>
                <line number="93" hits="5"/>
                <line number="96" hits="9"/>
                <line number="97" hits="9"/>
                <line number="106" hits="9"/>
                <line number="107" hits="2"/>
                <line number="108" hits="7"/>
                <line number="109" hits="6"/>
                <line number="110" hits="1"/>
                <line number="111" hits="1"/>
                <line number="112" hits="1"/>
                <line number="113" hits="1"/>
                <line number="114" hits="1"/>
                <line number="116" hits="5"/>
                <line number="117" hits="2"/>
                <line number="119" hits="3"/>
                <line number="123" hits="9"/>
                <line number="124" hits="3"/>
                <line number="127" hits="4"/>
                <line number="128" hits="4"/>
                <line number="130" hits="3"/>
                <line number="131" hits="3"/>
                <line number="132" hits="1"/>
                <line number="134" hits="2"/>
                <line number="135" hits="2"/>
                <line number="139" hits="1"/>
                <line number="142" hits="13"/>
                <line number="144" hits="7"/>
                <line number="145" hits="5"/>
                <line number="146" hits="2"/>
                <line number="148" hits="2"/>
                <line number="149" hits="6"/>
                <line number="151" hits="1"/>
                <line number="153" hits="1"/>
                <line number="157" hits="12"/>
                <line number="159" hits="1"/>
                <line number="162" hits="11"/>
                <line number="163" hits="3"/>
                <line number="164" hits="9"/>
                <line number="165" hits="1"/>
                <line number="166" hits="1"/>
                <line number="167" hits="1"/>
                <line number="168" hits="1"/>
                <line number="169" hits="1"/>
                <line number="170" hits="9"/>
                <line number="171" hits="2"/>
                <line number="172" hits="8"/>
                <line number="173" hits="1"/>
                <line number="174" hits="8"/>
                <line number="175" hits="1"/>
                <line number="176" hits="1"/>
                <line number="178" hits="7"/>
                <line number="179" hits="1"/>
                <line number="180" hits="1"/>
                <line number="183" hits="6"/>
                <line number="184" hits="6"/>
                <line number="185" hits="6"/>
                <line number="186" hits="6"/>
                <line number="187" hits="6"/>
                <line number="202" hits="16"/>
              </lines>
            </method>
          </methods>
          <lines>
            <line number="32" hits="18"/>
            <line number="33" hits="2"/>
            <line number="36" hits="16"/>
            <line number="37" hits="16"/>
            <line number="38" hits="16"/>
            <line number="40" hits="16"/>
            <line number="41" hits="16"/>
            <line number="42" hits="16"/>
            <line number="43" hits="16"/>
            <line number="44" hits="16"/>
            <line number="45" hits="16"/>
            <line number="46" hits="16"/>
            <line number="47" hits="16"/>
            <line number="48" hits="16"/>
            <line number="49" hits="16"/>
            <line number="50" hits="16"/>
            <line number="51" hits="16"/>
            <line number="52" hits="16"/>
            <line number="53" hits="16"/>
            <line number="54" hits="16"/>
            <line number="55" hits="16"/>
            <line number="56" hits="16"/>
            <line number="58" hits="16"/>
            <line number="60" hits="16"/>
            <line number="62" hits="16"/>
            <line number="63" hits="16"/>
            <line number="64" hits="16"/>
            <line number="65" hits="16"/>
            <line number="68" hits="4"/>
            <line number="71" hits="15"/>
            <line number="73" hits="15"/>
            <line number="74" hits="15"/>
            <line number="75" hits="15"/>
            <line number="77" hits="15"/>
            <line number="79" hits="15"/>
            <line number="80" hits="2"/>
            <line number="81" hits="1"/>
            <line number="83" hits="1"/>
            <line number="85" hits="13"/>
            <line number="87" hits="9"/>
            <line number="88" hits="9"/>
            <line number="89" hits="9"/>
            <line number="90" hits="9"/>
            <line number="91" hits="9"/>
            <line number="92" hits="9"/>
            <line number="93" hits="5"/>
            <line number="96" hits="9"/>
            <line number="97" hits="9"/>
            <line number="106" hits="9"/>
            <line number="107" hits="2"/>
            <line number="108" hits="7"/>
            <line number="109" hits="6"/>
            <line number="110" hits="1"/>
            <line number="111" hits="1"/>
            <line number="112" hits="1"/>
            <line number="113" hits="1"/>
            <line number="114" hits="1"/>
            <line number="116" hits="5"/>
            <line number="117" hits="2"/>
            <line number="119" hits="3"/>
            <line number="123" hits="9"/>
            <line number="124" hits="3"/>
            <line number="127" hits="4"/>
            <line number="128" hits="4"/>
            <line number="130" hits="3"/>
            <line number="131" hits="3"/>
            <line number="132" hits="1"/>
            <line number="134" hits="2"/>
            <line number="135" hits="2"/>
            <line number="139" hits="1"/>
            <line number="142" hits="13"/>
            <line number="144" hits="7"/>
            <line number="145" hits="5"/>
            <line number="146" hits="2"/>
            <line number="148" hits="2"/>
            <line number="149" hits="6"/>
            <line number="151" hits="1"/>
            <line number="153" hits="1"/>
            <line number="157" hits="12"/>
            <line number="159" hits="1"/>
            <line number="162" hits="11"/>
            <line number="163" hits="3"/>
            <line number="164" hits="9"/>
            <line number="165" hits="1"/>
            <line number="166" hits="1"/>
            <line number="167" hits="1"/>
            <line number="168" hits="1"/>
            <line number="169" hits="1"/>
            <line number="170" hits="9"/>
            <line number="171" hits="2"/>
            <line number="172" hits="8"/>
            <line number="173" hits="1"/>
            <line number="174" hits="8"/>
            <line number="175" hits="1"/>
            <line number="176" hits="1"/>
            <line number="178" hits="7"/>
            <line number="179" hits="1"/>
            <line number="180" hits="1"/>
            <line number="183" hits="6"/>
            <line number="184" hits="6"/>
            <line number="185" hits="6"/>
            <line number="186" hits="6"/>
            <line number="187" hits="6"/>
            <line number="202" hits="16"/>
          </lines>
        </class>
      </classes>
    </package>
    <package name="Models/Scopes/ScopeFilterFlags.php" line-rate="1" branch-rate="0" complexity="9">
      <classes>
        <class name="Playground\Models\Scopes\ScopeFilterFlags" filename="Models/Scopes/ScopeFilterFlags.php" line-rate="1" branch-rate="0" complexity="9">
          <methods>
            <method name="scopeFilterFlags" signature="Illuminate\Database\Eloquent\Builder $query, array $flags, array $validated" line-rate="1" branch-rate="0" complexity="9">
              <lines>
                <line number="29" hits="3"/>
                <line number="30" hits="2"/>
                <line number="33" hits="1"/>
                <line number="34" hits="1"/>
                <line number="35" hits="1"/>
                <line number="36" hits="1"/>
                <line number="37" hits="1"/>
                <line number="39" hits="1"/>
                <line number="41" hits="1"/>
                <line number="53" hits="1"/>
              </lines>
            </method>
          </methods>
          <lines>
            <line number="29" hits="3"/>
            <line number="30" hits="2"/>
            <line number="33" hits="1"/>
            <line number="34" hits="1"/>
            <line number="35" hits="1"/>
            <line number="36" hits="1"/>
            <line number="37" hits="1"/>
            <line number="39" hits="1"/>
            <line number="41" hits="1"/>
            <line number="53" hits="1"/>
          </lines>
        </class>
      </classes>
    </package>
    <package name="Models/Scopes/ScopeFilterIds.php" line-rate="1" branch-rate="0" complexity="29">
      <classes>
        <class name="Playground\Models\Scopes\ScopeFilterIds" filename="Models/Scopes/ScopeFilterIds.php" line-rate="1" branch-rate="0" complexity="29">
          <methods>
            <method name="scopeFilterIds" signature="Illuminate\Database\Eloquent\Builder $query, array $ids, array $validated" line-rate="1" branch-rate="0" complexity="29">
              <lines>
                <line number="30" hits="11"/>
                <line number="31" hits="2"/>
                <line number="34" hits="9"/>
                <line number="36" hits="9"/>
                <line number="38" hits="9"/>
                <line number="39" hits="9"/>
                <line number="40" hits="9"/>
                <line number="41" hits="9"/>
                <line number="42" hits="9"/>
                <line number="44" hits="8"/>
                <line number="47" hits="8"/>
                <line number="48" hits="8"/>
                <line number="49" hits="8"/>
                <line number="50" hits="8"/>
                <line number="52" hits="5"/>
                <line number="55" hits="8"/>
                <line number="57" hits="2"/>
                <line number="58" hits="7"/>
                <line number="59" hits="7"/>
                <line number="62" hits="3"/>
                <line number="63" hits="5"/>
                <line number="65" hits="5"/>
                <line number="67" hits="5"/>
                <line number="68" hits="5"/>
                <line number="70" hits="1"/>
                <line number="72" hits="5"/>
                <line number="73" hits="1"/>
                <line number="74" hits="1"/>
                <line number="76" hits="4"/>
                <line number="77" hits="2"/>
                <line number="78" hits="2"/>
                <line number="80" hits="2"/>
                <line number="81" hits="2"/>
                <line number="82" hits="1"/>
                <line number="87" hits="5"/>
                <line number="88" hits="4"/>
                <line number="101" hits="9"/>
              </lines>
            </method>
          </methods>
          <lines>
            <line number="30" hits="11"/>
            <line number="31" hits="2"/>
            <line number="34" hits="9"/>
            <line number="36" hits="9"/>
            <line number="38" hits="9"/>
            <line number="39" hits="9"/>
            <line number="40" hits="9"/>
            <line number="41" hits="9"/>
            <line number="42" hits="9"/>
            <line number="44" hits="8"/>
            <line number="47" hits="8"/>
            <line number="48" hits="8"/>
            <line number="49" hits="8"/>
            <line number="50" hits="8"/>
            <line number="52" hits="5"/>
            <line number="55" hits="8"/>
            <line number="57" hits="2"/>
            <line number="58" hits="7"/>
            <line number="59" hits="7"/>
            <line number="62" hits="3"/>
            <line number="63" hits="5"/>
            <line number="65" hits="5"/>
            <line number="67" hits="5"/>
            <line number="68" hits="5"/>
            <line number="70" hits="1"/>
            <line number="72" hits="5"/>
            <line number="73" hits="1"/>
            <line number="74" hits="1"/>
            <line number="76" hits="4"/>
            <line number="77" hits="2"/>
            <line number="78" hits="2"/>
            <line number="80" hits="2"/>
            <line number="81" hits="2"/>
            <line number="82" hits="1"/>
            <line number="87" hits="5"/>
            <line number="88" hits="4"/>
            <line number="101" hits="9"/>
          </lines>
        </class>
      </classes>
    </package>
    <package name="Models/Scopes/ScopeFilterTrash.php" line-rate="1" branch-rate="0" complexity="7">
      <classes>
        <class name="Playground\Models\Scopes\ScopeFilterTrash" filename="Models/Scopes/ScopeFilterTrash.php" line-rate="1" branch-rate="0" complexity="7">
          <methods>
            <method name="scopeFilterTrash" signature="Illuminate\Database\Eloquent\Builder $query, ?string $visibility" line-rate="1" branch-rate="0" complexity="7">
              <lines>
                <line number="26" hits="3"/>
                <line number="27" hits="3"/>
                <line number="29" hits="1"/>
                <line number="30" hits="2"/>
                <line number="31" hits="2"/>
                <line number="33" hits="1"/>
                <line number="36" hits="3"/>
              </lines>
            </method>
          </methods>
          <lines>
            <line number="26" hits="3"/>
            <line number="27" hits="3"/>
            <line number="29" hits="1"/>
            <line number="30" hits="2"/>
            <line number="31" hits="2"/>
            <line number="33" hits="1"/>
            <line number="36" hits="3"/>
          </lines>
        </class>
      </classes>
    </package>
    <package name="Models/Scopes/ScopeIsActive.php" line-rate="0" branch-rate="0" complexity="1">
      <classes>
        <class name="Playground\Models\Scopes\ScopeIsActive" filename="Models/Scopes/ScopeIsActive.php" line-rate="0" branch-rate="0" complexity="1">
          <methods>
            <method name="scopeIsActive" signature="Illuminate\Database\Eloquent\Builder $query" line-rate="0" branch-rate="0" complexity="1">
              <lines>
                <line number="26" hits="0"/>
                <line number="28" hits="0"/>
              </lines>
            </method>
          </methods>
          <lines>
            <line number="26" hits="0"/>
            <line number="28" hits="0"/>
          </lines>
        </class>
      </classes>
    </package>
    <package name="Models/Scopes/ScopeIsNotClosed.php" line-rate="0" branch-rate="0" complexity="1">
      <classes>
        <class name="Playground\Models\Scopes\ScopeIsNotClosed" filename="Models/Scopes/ScopeIsNotClosed.php" line-rate="0" branch-rate="0" complexity="1">
          <methods>
            <method name="scopeIsNotClosed" signature="Illuminate\Database\Eloquent\Builder $query" line-rate="0" branch-rate="0" complexity="1">
              <lines>
                <line number="26" hits="0"/>
                <line number="28" hits="0"/>
              </lines>
            </method>
          </methods>
          <lines>
            <line number="26" hits="0"/>
            <line number="28" hits="0"/>
          </lines>
        </class>
      </classes>
    </package>
    <package name="Models/Scopes/ScopeIsPublished.php" line-rate="0" branch-rate="0" complexity="1">
      <classes>
        <class name="Playground\Models\Scopes\ScopeIsPublished" filename="Models/Scopes/ScopeIsPublished.php" line-rate="0" branch-rate="0" complexity="1">
          <methods>
            <method name="scopeIsPublished" signature="Illuminate\Database\Eloquent\Builder $query" line-rate="0" branch-rate="0" complexity="1">
              <lines>
                <line number="26" hits="0"/>
                <line number="28" hits="0"/>
              </lines>
            </method>
          </methods>
          <lines>
            <line number="26" hits="0"/>
            <line number="28" hits="0"/>
          </lines>
        </class>
      </classes>
    </package>
    <package name="Models/Scopes/ScopeSort.php" line-rate="0.96666666666667" branch-rate="0" complexity="19">
      <classes>
        <class name="Playground\Models\Scopes\ScopeSort" filename="Models/Scopes/ScopeSort.php" line-rate="0.96666666666667" branch-rate="0" complexity="19">
          <methods>
            <method name="scopeSort" signature="Illuminate\Database\Eloquent\Builder $query, mixed $sort" line-rate="0.96666666666667" branch-rate="0" complexity="19">
              <lines>
                <line number="27" hits="11"/>
                <line number="28" hits="1"/>
                <line number="31" hits="10"/>
                <line number="33" hits="10"/>
                <line number="35" hits="10"/>
                <line number="36" hits="2"/>
                <line number="39" hits="10"/>
                <line number="40" hits="10"/>
                <line number="41" hits="10"/>
                <line number="43" hits="0"/>
                <line number="45" hits="10"/>
                <line number="46" hits="10"/>
                <line number="47" hits="2"/>
                <line number="48" hits="2"/>
                <line number="49" hits="8"/>
                <line number="50" hits="2"/>
                <line number="51" hits="2"/>
                <line number="52" hits="6"/>
                <line number="53" hits="4"/>
                <line number="54" hits="4"/>
                <line number="56" hits="2"/>
                <line number="57" hits="2"/>
                <line number="58" hits="2"/>
                <line number="60" hits="2"/>
                <line number="64" hits="10"/>
                <line number="65" hits="10"/>
                <line number="66" hits="10"/>
                <line number="68" hits="10"/>
                <line number="69" hits="10"/>
                <line number="74" hits="10"/>
              </lines>
            </method>
          </methods>
          <lines>
            <line number="27" hits="11"/>
            <line number="28" hits="1"/>
            <line number="31" hits="10"/>
            <line number="33" hits="10"/>
            <line number="35" hits="10"/>
            <line number="36" hits="2"/>
            <line number="39" hits="10"/>
            <line number="40" hits="10"/>
            <line number="41" hits="10"/>
            <line number="43" hits="0"/>
            <line number="45" hits="10"/>
            <line number="46" hits="10"/>
            <line number="47" hits="2"/>
            <line number="48" hits="2"/>
            <line number="49" hits="8"/>
            <line number="50" hits="2"/>
            <line number="51" hits="2"/>
            <line number="52" hits="6"/>
            <line number="53" hits="4"/>
            <line number="54" hits="4"/>
            <line number="56" hits="2"/>
            <line number="57" hits="2"/>
            <line number="58" hits="2"/>
            <line number="60" hits="2"/>
            <line number="64" hits="10"/>
            <line number="65" hits="10"/>
            <line number="66" hits="10"/>
            <line number="68" hits="10"/>
            <line number="69" hits="10"/>
            <line number="74" hits="10"/>
          </lines>
        </class>
      </classes>
    </package>
    <package name="Models/User.php" line-rate="1" branch-rate="0" complexity="1">
      <classes>
        <class name="Playground\Models\User" filename="Models/User.php" line-rate="1" branch-rate="0" complexity="1">
          <methods>
            <method name="casts" signature="" line-rate="1" branch-rate="0" complexity="1">
              <lines>
                <line number="267" hits="6"/>
                <line number="268" hits="6"/>
                <line number="269" hits="6"/>
                <line number="270" hits="6"/>
                <line number="271" hits="6"/>
                <line number="272" hits="6"/>
                <line number="273" hits="6"/>
                <line number="274" hits="6"/>
                <line number="275" hits="6"/>
                <line number="276" hits="6"/>
                <line number="277" hits="6"/>
                <line number="278" hits="6"/>
                <line number="279" hits="6"/>
                <line number="280" hits="6"/>
                <line number="282" hits="6"/>
                <line number="283" hits="6"/>
                <line number="284" hits="6"/>
                <line number="285" hits="6"/>
                <line number="286" hits="6"/>
                <line number="287" hits="6"/>
                <line number="288" hits="6"/>
                <line number="289" hits="6"/>
                <line number="290" hits="6"/>
                <line number="291" hits="6"/>
                <line number="292" hits="6"/>
                <line number="294" hits="6"/>
                <line number="295" hits="6"/>
                <line number="296" hits="6"/>
                <line number="297" hits="6"/>
                <line number="298" hits="6"/>
                <line number="299" hits="6"/>
                <line number="300" hits="6"/>
                <line number="301" hits="6"/>
                <line number="303" hits="6"/>
                <line number="304" hits="6"/>
                <line number="305" hits="6"/>
                <line number="306" hits="6"/>
                <line number="307" hits="6"/>
                <line number="308" hits="6"/>
                <line number="309" hits="6"/>
                <line number="310" hits="6"/>
                <line number="311" hits="6"/>
                <line number="313" hits="6"/>
                <line number="314" hits="6"/>
                <line number="315" hits="6"/>
                <line number="316" hits="6"/>
                <line number="317" hits="6"/>
                <line number="318" hits="6"/>
                <line number="319" hits="6"/>
                <line number="320" hits="6"/>
                <line number="321" hits="6"/>
                <line number="322" hits="6"/>
                <line number="323" hits="6"/>
                <line number="324" hits="6"/>
                <line number="325" hits="6"/>
              </lines>
            </method>
          </methods>
          <lines>
            <line number="267" hits="6"/>
            <line number="268" hits="6"/>
            <line number="269" hits="6"/>
            <line number="270" hits="6"/>
            <line number="271" hits="6"/>
            <line number="272" hits="6"/>
            <line number="273" hits="6"/>
            <line number="274" hits="6"/>
            <line number="275" hits="6"/>
            <line number="276" hits="6"/>
            <line number="277" hits="6"/>
            <line number="278" hits="6"/>
            <line number="279" hits="6"/>
            <line number="280" hits="6"/>
            <line number="282" hits="6"/>
            <line number="283" hits="6"/>
            <line number="284" hits="6"/>
            <line number="285" hits="6"/>
            <line number="286" hits="6"/>
            <line number="287" hits="6"/>
            <line number="288" hits="6"/>
            <line number="289" hits="6"/>
            <line number="290" hits="6"/>
            <line number="291" hits="6"/>
            <line number="292" hits="6"/>
            <line number="294" hits="6"/>
            <line number="295" hits="6"/>
            <line number="296" hits="6"/>
            <line number="297" hits="6"/>
            <line number="298" hits="6"/>
            <line number="299" hits="6"/>
            <line number="300" hits="6"/>
            <line number="301" hits="6"/>
            <line number="303" hits="6"/>
            <line number="304" hits="6"/>
            <line number="305" hits="6"/>
            <line number="306" hits="6"/>
            <line number="307" hits="6"/>
            <line number="308" hits="6"/>
            <line number="309" hits="6"/>
            <line number="310" hits="6"/>
            <line number="311" hits="6"/>
            <line number="313" hits="6"/>
            <line number="314" hits="6"/>
            <line number="315" hits="6"/>
            <line number="316" hits="6"/>
            <line number="317" hits="6"/>
            <line number="318" hits="6"/>
            <line number="319" hits="6"/>
            <line number="320" hits="6"/>
            <line number="321" hits="6"/>
            <line number="322" hits="6"/>
            <line number="323" hits="6"/>
            <line number="324" hits="6"/>
            <line number="325" hits="6"/>
          </lines>
        </class>
      </classes>
    </package>
    <package name="Models/UuidModel.php" line-rate="0" branch-rate="0" complexity="0">
      <classes>
        <class name="Playground\Models\UuidModel" filename="Models/UuidModel.php" line-rate="0" branch-rate="0" complexity="0">
          <methods/>
          <lines/>
        </class>
      </classes>
    </package>
    <package name="PackageInfo.php" line-rate="0" branch-rate="0" complexity="43">
      <classes>
        <class name="Playground\PackageInfo" filename="PackageInfo.php" line-rate="0" branch-rate="0" complexity="43">
          <methods>
            <method name="setOptions" signature="array $options" line-rate="0" branch-rate="0" complexity="29">
              <lines>
                <line number="46" hits="0"/>
                <line number="47" hits="0"/>
                <line number="49" hits="0"/>
                <line number="52" hits="0"/>
                <line number="53" hits="0"/>
                <line number="55" hits="0"/>
                <line number="58" hits="0"/>
                <line number="59" hits="0"/>
                <line number="61" hits="0"/>
                <line number="64" hits="0"/>
                <line number="65" hits="0"/>
                <line number="67" hits="0"/>
                <line number="70" hits="0"/>
                <line number="71" hits="0"/>
                <line number="73" hits="0"/>
                <line number="76" hits="0"/>
                <line number="77" hits="0"/>
                <line number="79" hits="0"/>
                <line number="82" hits="0"/>
                <line number="83" hits="0"/>
                <line number="85" hits="0"/>
                <line number="88" hits="0"/>
                <line number="89" hits="0"/>
                <line number="91" hits="0"/>
                <line number="94" hits="0"/>
                <line number="95" hits="0"/>
                <line number="97" hits="0"/>
                <line number="100" hits="0"/>
                <line number="101" hits="0"/>
                <line number="103" hits="0"/>
                <line number="106" hits="0"/>
                <line number="107" hits="0"/>
                <line number="109" hits="0"/>
                <line number="112" hits="0"/>
                <line number="113" hits="0"/>
                <line number="115" hits="0"/>
                <line number="118" hits="0"/>
                <line number="119" hits="0"/>
                <line number="121" hits="0"/>
                <line number="124" hits="0"/>
                <line number="125" hits="0"/>
                <line number="127" hits="0"/>
                <line number="130" hits="0"/>
              </lines>
            </method>
            <method name="model_attribute" signature="" line-rate="0" branch-rate="0" complexity="1">
              <lines>
                <line number="135" hits="0"/>
              </lines>
            </method>
            <method name="model_label" signature="" line-rate="0" branch-rate="0" complexity="1">
              <lines>
                <line number="140" hits="0"/>
              </lines>
            </method>
            <method name="model_label_plural" signature="" line-rate="0" branch-rate="0" complexity="1">
              <lines>
                <line number="145" hits="0"/>
              </lines>
            </method>
            <method name="model_route" signature="" line-rate="0" branch-rate="0" complexity="1">
              <lines>
                <line number="150" hits="0"/>
              </lines>
            </method>
            <method name="model_slug" signature="" line-rate="0" branch-rate="0" complexity="1">
              <lines>
                <line number="155" hits="0"/>
              </lines>
            </method>
            <method name="model_slug_plural" signature="" line-rate="0" branch-rate="0" complexity="1">
              <lines>
                <line number="160" hits="0"/>
              </lines>
            </method>
            <method name="module_label" signature="" line-rate="0" branch-rate="0" complexity="1">
              <lines>
                <line number="165" hits="0"/>
              </lines>
            </method>
            <method name="module_label_plural" signature="" line-rate="0" branch-rate="0" complexity="1">
              <lines>
                <line number="170" hits="0"/>
              </lines>
            </method>
            <method name="module_route" signature="" line-rate="0" branch-rate="0" complexity="1">
              <lines>
                <line number="175" hits="0"/>
              </lines>
            </method>
            <method name="module_slug" signature="" line-rate="0" branch-rate="0" complexity="1">
              <lines>
                <line number="180" hits="0"/>
              </lines>
            </method>
            <method name="privilege" signature="" line-rate="0" branch-rate="0" complexity="1">
              <lines>
                <line number="185" hits="0"/>
              </lines>
            </method>
            <method name="table" signature="" line-rate="0" branch-rate="0" complexity="1">
              <lines>
                <line number="190" hits="0"/>
              </lines>
            </method>
            <method name="type" signature="" line-rate="0" branch-rate="0" complexity="1">
              <lines>
                <line number="195" hits="0"/>
              </lines>
            </method>
            <method name="view" signature="" line-rate="0" branch-rate="0" complexity="1">
              <lines>
                <line number="200" hits="0"/>
              </lines>
            </method>
          </methods>
          <lines>
            <line number="46" hits="0"/>
            <line number="47" hits="0"/>
            <line number="49" hits="0"/>
            <line number="52" hits="0"/>
            <line number="53" hits="0"/>
            <line number="55" hits="0"/>
            <line number="58" hits="0"/>
            <line number="59" hits="0"/>
            <line number="61" hits="0"/>
            <line number="64" hits="0"/>
            <line number="65" hits="0"/>
            <line number="67" hits="0"/>
            <line number="70" hits="0"/>
            <line number="71" hits="0"/>
            <line number="73" hits="0"/>
            <line number="76" hits="0"/>
            <line number="77" hits="0"/>
            <line number="79" hits="0"/>
            <line number="82" hits="0"/>
            <line number="83" hits="0"/>
            <line number="85" hits="0"/>
            <line number="88" hits="0"/>
            <line number="89" hits="0"/>
            <line number="91" hits="0"/>
            <line number="94" hits="0"/>
            <line number="95" hits="0"/>
            <line number="97" hits="0"/>
            <line number="100" hits="0"/>
            <line number="101" hits="0"/>
            <line number="103" hits="0"/>
            <line number="106" hits="0"/>
            <line number="107" hits="0"/>
            <line number="109" hits="0"/>
            <line number="112" hits="0"/>
            <line number="113" hits="0"/>
            <line number="115" hits="0"/>
            <line number="118" hits="0"/>
            <line number="119" hits="0"/>
            <line number="121" hits="0"/>
            <line number="124" hits="0"/>
            <line number="125" hits="0"/>
            <line number="127" hits="0"/>
            <line number="130" hits="0"/>
            <line number="135" hits="0"/>
            <line number="140" hits="0"/>
            <line number="145" hits="0"/>
            <line number="150" hits="0"/>
            <line number="155" hits="0"/>
            <line number="160" hits="0"/>
            <line number="165" hits="0"/>
            <line number="170" hits="0"/>
            <line number="175" hits="0"/>
            <line number="180" hits="0"/>
            <line number="185" hits="0"/>
            <line number="190" hits="0"/>
            <line number="195" hits="0"/>
            <line number="200" hits="0"/>
          </lines>
        </class>
      </classes>
    </package>
    <package name="ServiceProvider.php" line-rate="1" branch-rate="0" complexity="41">
      <classes>
        <class name="Playground\ServiceProvider" filename="ServiceProvider.php" line-rate="1" branch-rate="0" complexity="41">
          <methods>
            <method name="boot" signature="" line-rate="1" branch-rate="0" complexity="6">
              <lines>
                <line number="34" hits="77"/>
                <line number="36" hits="77"/>
                <line number="38" hits="77"/>
                <line number="40" hits="77"/>
                <line number="41" hits="77"/>
                <line number="42" hits="77"/>
                <line number="45" hits="77"/>
                <line number="48" hits="77"/>
                <line number="49" hits="1"/>
                <line number="53" hits="77"/>
                <line number="54" hits="77"/>
              </lines>
            </method>
            <method name="publishMigrations" signature="" line-rate="1" branch-rate="0" complexity="2">
              <lines>
                <line number="61" hits="77"/>
                <line number="63" hits="77"/>
                <line number="64" hits="77"/>
                <line number="65" hits="77"/>
                <line number="66" hits="77"/>
                <line number="67" hits="77"/>
                <line number="68" hits="77"/>
                <line number="69" hits="77"/>
                <line number="72" hits="77"/>
              </lines>
            </method>
            <method name="about" signature="array $config" line-rate="1" branch-rate="0" complexity="24">
              <lines>
                <line number="80" hits="77"/>
                <line number="85" hits="77"/>
                <line number="87" hits="77"/>
                <line number="88" hits="77"/>
                <line number="89" hits="77"/>
                <line number="91" hits="77"/>
                <line number="92" hits="77"/>
                <line number="93" hits="77"/>
                <line number="94" hits="77"/>
                <line number="95" hits="77"/>
                <line number="97" hits="77"/>
                <line number="98" hits="77"/>
                <line number="100" hits="77"/>
                <line number="101" hits="77"/>
                <line number="103" hits="77"/>
                <line number="104" hits="77"/>
                <line number="106" hits="77"/>
                <line number="107" hits="77"/>
                <line number="109" hits="77"/>
                <line number="110" hits="77"/>
                <line number="112" hits="77"/>
                <line number="113" hits="77"/>
                <line number="115" hits="77"/>
                <line number="116" hits="77"/>
                <line number="118" hits="77"/>
                <line number="120" hits="77"/>
                <line number="121" hits="77"/>
                <line number="122" hits="77"/>
                <line number="123" hits="77"/>
              </lines>
            </method>
            <method name="userPrimaryKeyType" signature="?string $auth_providers_users_model" line-rate="1" branch-rate="0" complexity="4">
              <lines>
                <line number="132" hits="5"/>
                <line number="133" hits="1"/>
                <line number="136" hits="4"/>
                <line number="137" hits="1"/>
                <line number="138" hits="1"/>
                <line number="140" hits="1"/>
              </lines>
            </method>
            <method name="userPrimaryKeyTypeParse" signature="string $auth_providers_users_model" line-rate="1" branch-rate="0" complexity="4">
              <lines>
                <line number="189" hits="4"/>
                <line number="193" hits="4"/>
                <line number="195" hits="4"/>
                <line number="197" hits="4"/>
                <line number="198" hits="4"/>
                <line number="200" hits="4"/>
                <line number="201" hits="4"/>
                <line number="203" hits="4"/>
                <line number="205" hits="4"/>
                <line number="206" hits="4"/>
                <line number="208" hits="4"/>
                <line number="209" hits="4"/>
                <line number="211" hits="4"/>
                <line number="213" hits="4"/>
                <line number="214" hits="4"/>
                <line number="216" hits="4"/>
                <line number="217" hits="4"/>
                <line number="219" hits="4"/>
                <line number="220" hits="4"/>
                <line number="222" hits="4"/>
                <line number="223" hits="4"/>
                <line number="225" hits="4"/>
                <line number="227" hits="4"/>
                <line number="228" hits="4"/>
                <line number="230" hits="1"/>
                <line number="231" hits="3"/>
                <line number="232" hits="2"/>
                <line number="235" hits="3"/>
              </lines>
            </method>
            <method name="register" signature="" line-rate="1" branch-rate="0" complexity="1">
              <lines>
                <line number="240" hits="77"/>
                <line number="241" hits="77"/>
                <line number="242" hits="77"/>
                <line number="243" hits="77"/>
              </lines>
            </method>
          </methods>
          <lines>
            <line number="34" hits="77"/>
            <line number="36" hits="77"/>
            <line number="38" hits="77"/>
            <line number="40" hits="77"/>
            <line number="41" hits="77"/>
            <line number="42" hits="77"/>
            <line number="45" hits="77"/>
            <line number="48" hits="77"/>
            <line number="49" hits="1"/>
            <line number="53" hits="77"/>
            <line number="54" hits="77"/>
            <line number="61" hits="77"/>
            <line number="63" hits="77"/>
            <line number="64" hits="77"/>
            <line number="65" hits="77"/>
            <line number="66" hits="77"/>
            <line number="67" hits="77"/>
            <line number="68" hits="77"/>
            <line number="69" hits="77"/>
            <line number="72" hits="77"/>
            <line number="80" hits="77"/>
            <line number="85" hits="77"/>
            <line number="87" hits="77"/>
            <line number="88" hits="77"/>
            <line number="89" hits="77"/>
            <line number="91" hits="77"/>
            <line number="92" hits="77"/>
            <line number="93" hits="77"/>
            <line number="94" hits="77"/>
            <line number="95" hits="77"/>
            <line number="97" hits="77"/>
            <line number="98" hits="77"/>
            <line number="100" hits="77"/>
            <line number="101" hits="77"/>
            <line number="103" hits="77"/>
            <line number="104" hits="77"/>
            <line number="106" hits="77"/>
            <line number="107" hits="77"/>
            <line number="109" hits="77"/>
            <line number="110" hits="77"/>
            <line number="112" hits="77"/>
            <line number="113" hits="77"/>
            <line number="115" hits="77"/>
            <line number="116" hits="77"/>
            <line number="118" hits="77"/>
            <line number="120" hits="77"/>
            <line number="121" hits="77"/>
            <line number="122" hits="77"/>
            <line number="123" hits="77"/>
            <line number="132" hits="5"/>
            <line number="133" hits="1"/>
            <line number="136" hits="4"/>
            <line number="137" hits="1"/>
            <line number="138" hits="1"/>
            <line number="140" hits="1"/>
            <line number="189" hits="4"/>
            <line number="193" hits="4"/>
            <line number="195" hits="4"/>
            <line number="197" hits="4"/>
            <line number="198" hits="4"/>
            <line number="200" hits="4"/>
            <line number="201" hits="4"/>
            <line number="203" hits="4"/>
            <line number="205" hits="4"/>
            <line number="206" hits="4"/>
            <line number="208" hits="4"/>
            <line number="209" hits="4"/>
            <line number="211" hits="4"/>
            <line number="213" hits="4"/>
            <line number="214" hits="4"/>
            <line number="216" hits="4"/>
            <line number="217" hits="4"/>
            <line number="219" hits="4"/>
            <line number="220" hits="4"/>
            <line number="222" hits="4"/>
            <line number="223" hits="4"/>
            <line number="225" hits="4"/>
            <line number="227" hits="4"/>
            <line number="228" hits="4"/>
            <line number="230" hits="1"/>
            <line number="231" hits="3"/>
            <line number="232" hits="2"/>
            <line number="235" hits="3"/>
            <line number="240" hits="77"/>
            <line number="241" hits="77"/>
            <line number="242" hits="77"/>
            <line number="243" hits="77"/>
          </lines>
        </class>
      </classes>
    </package>
  </packages>
</coverage>
