<?xml version="1.0" encoding="UTF-8"?>
<!DOCTYPE coverage SYSTEM "http://cobertura.sourceforge.net/xml/coverage-04.dtd">
<coverage line-rate="1" branch-rate="0" lines-covered="490" lines-valid="490" branches-covered="0" branches-valid="0" complexity="280" version="0.4" timestamp="1707535896">
  <sources>
    <source>/app/src</source>
  </sources>
  <packages>
    <package name="Filters/ContentTrait.php" line-rate="1" branch-rate="0" complexity="14">
      <classes>
        <class name="Playground\Filters\ContentTrait" filename="Filters/ContentTrait.php" line-rate="1" branch-rate="0" complexity="14">
          <methods>
            <method name="purify" signature="$item" line-rate="1" branch-rate="0" complexity="1">
              <lines>
                <line number="29" hits="1"/>
              </lines>
            </method>
            <method name="exorcise" signature="$item" line-rate="1" branch-rate="0" complexity="1">
              <lines>
                <line number="40" hits="1"/>
                <line number="41" hits="1"/>
                <line number="42" hits="1"/>
                <line number="43" hits="1"/>
              </lines>
            </method>
            <method name="getHtmlPurifier" signature="array $config" line-rate="1" branch-rate="0" complexity="9">
              <lines>
                <line number="53" hits="4"/>
                <line number="54" hits="4"/>
                <line number="56" hits="4"/>
                <line number="58" hits="4"/>
                <line number="59" hits="4"/>
                <line number="60" hits="4"/>
                <line number="62" hits="3"/>
                <line number="63" hits="3"/>
                <line number="66" hits="4"/>
                <line number="67" hits="4"/>
                <line number="68" hits="4"/>
                <line number="70" hits="1"/>
                <line number="73" hits="4"/>
                <line number="76" hits="4"/>
              </lines>
            </method>
            <method name="setHtmlPurifier" signature="HTMLPurifier $purifier" line-rate="1" branch-rate="0" complexity="2">
              <lines>
                <line number="86" hits="4"/>
                <line number="87" hits="4"/>
                <line number="90" hits="4"/>
              </lines>
            </method>
            <method name="encodeURIComponent" signature="string $str" line-rate="1" branch-rate="0" complexity="1">
              <lines>
                <line number="111" hits="1"/>
                <line number="112" hits="1"/>
                <line number="113" hits="1"/>
                <line number="114" hits="1"/>
                <line number="115" hits="1"/>
                <line number="116" hits="1"/>
                <line number="117" hits="1"/>
              </lines>
            </method>
          </methods>
          <lines>
            <line number="29" hits="1"/>
            <line number="40" hits="1"/>
            <line number="41" hits="1"/>
            <line number="42" hits="1"/>
            <line number="43" hits="1"/>
            <line number="53" hits="4"/>
            <line number="54" hits="4"/>
            <line number="56" hits="4"/>
            <line number="58" hits="4"/>
            <line number="59" hits="4"/>
            <line number="60" hits="4"/>
            <line number="62" hits="3"/>
            <line number="63" hits="3"/>
            <line number="66" hits="4"/>
            <line number="67" hits="4"/>
            <line number="68" hits="4"/>
            <line number="70" hits="1"/>
            <line number="73" hits="4"/>
            <line number="76" hits="4"/>
            <line number="86" hits="4"/>
            <line number="87" hits="4"/>
            <line number="90" hits="4"/>
            <line number="111" hits="1"/>
            <line number="112" hits="1"/>
            <line number="113" hits="1"/>
            <line number="114" hits="1"/>
            <line number="115" hits="1"/>
            <line number="116" hits="1"/>
            <line number="117" hits="1"/>
          </lines>
        </class>
      </classes>
    </package>
    <package name="Filters/ModelTrait.php" line-rate="1" branch-rate="0" complexity="66">
      <classes>
        <class name="Playground\Filters\ModelTrait" filename="Filters/ModelTrait.php" line-rate="1" branch-rate="0" complexity="66">
          <methods>
            <method name="filterArray" signature="mixed $value" line-rate="1" branch-rate="0" complexity="4">
              <lines>
                <line number="29" hits="1"/>
                <line number="30" hits="1"/>
                <line number="31" hits="1"/>
                <line number="32" hits="1"/>
                <line number="35" hits="1"/>
              </lines>
            </method>
            <method name="filterArrayToJson" signature="mixed $value" line-rate="1" branch-rate="0" complexity="3">
              <lines>
                <line number="48" hits="1"/>
                <line number="49" hits="1"/>
                <line number="50" hits="1"/>
                <line number="51" hits="1"/>
                <line number="53" hits="1"/>
              </lines>
            </method>
            <method name="filterBits" signature="$value, $exponent" line-rate="1" branch-rate="0" complexity="2">
              <lines>
                <line number="65" hits="2"/>
                <line number="70" hits="2"/>
                <line number="73" hits="2"/>
                <line number="74" hits="2"/>
                <line number="77" hits="2"/>
              </lines>
            </method>
            <method name="filterBoolean" signature="mixed $value" line-rate="1" branch-rate="0" complexity="4">
              <lines>
                <line number="87" hits="1"/>
                <line number="88" hits="1"/>
                <line number="89" hits="1"/>
                <line number="90" hits="1"/>
                <line number="92" hits="1"/>
              </lines>
            </method>
            <method name="filterDate" signature="mixed $value, $locale" line-rate="1" branch-rate="0" complexity="6">
              <lines>
                <line number="104" hits="1"/>
                <line number="105" hits="1"/>
                <line number="106" hits="1"/>
                <line number="108" hits="1"/>
                <line number="111" hits="1"/>
                <line number="112" hits="1"/>
                <line number="114" hits="1"/>
              </lines>
            </method>
            <method name="filterDateAsCarbon" signature="$value, $locale" line-rate="1" branch-rate="0" complexity="2">
              <lines>
                <line number="126" hits="1"/>
                <line number="127" hits="1"/>
                <line number="130" hits="1"/>
              </lines>
            </method>
            <method name="filterEmail" signature="mixed $email" line-rate="1" branch-rate="0" complexity="3">
              <lines>
                <line number="140" hits="1"/>
                <line number="142" hits="1"/>
              </lines>
            </method>
            <method name="filterFloat" signature="mixed $value, $locale" line-rate="1" branch-rate="0" complexity="4">
              <lines>
                <line number="153" hits="2"/>
                <line number="154" hits="1"/>
                <line number="157" hits="2"/>
              </lines>
            </method>
            <method name="filterHtml" signature="string $content" line-rate="1" branch-rate="0" complexity="2">
              <lines>
                <line number="173" hits="1"/>
                <line number="174" hits="1"/>
                <line number="175" hits="1"/>
                <line number="176" hits="1"/>
                <line number="177" hits="1"/>
                <line number="179" hits="1"/>
              </lines>
            </method>
            <method name="filterInteger" signature="mixed $value, $locale" line-rate="1" branch-rate="0" complexity="4">
              <lines>
                <line number="190" hits="1"/>
                <line number="191" hits="1"/>
                <line number="199" hits="1"/>
              </lines>
            </method>
            <method name="filterIntegerId" signature="mixed $value" line-rate="1" branch-rate="0" complexity="3">
              <lines>
                <line number="210" hits="1"/>
              </lines>
            </method>
            <method name="filterIntegerPositive" signature="mixed $value, $absolute" line-rate="1" branch-rate="0" complexity="4">
              <lines>
                <line number="221" hits="1"/>
                <line number="223" hits="1"/>
              </lines>
            </method>
            <method name="filterPercent" signature="mixed $value, $locale" line-rate="1" branch-rate="0" complexity="4">
              <lines>
                <line number="236" hits="1"/>
                <line number="237" hits="1"/>
                <line number="240" hits="1"/>
                <line number="241" hits="1"/>
                <line number="244" hits="1"/>
              </lines>
            </method>
            <method name="filterStatus" signature="array $input" line-rate="1" branch-rate="0" complexity="5">
              <lines>
                <line number="255" hits="1"/>
                <line number="256" hits="1"/>
                <line number="259" hits="1"/>
                <line number="260" hits="1"/>
                <line number="262" hits="1"/>
                <line number="265" hits="1"/>
                <line number="266" hits="1"/>
                <line number="267" hits="1"/>
                <line number="271" hits="1"/>
              </lines>
            </method>
            <method name="filterSystemFields" signature="array $input" line-rate="1" branch-rate="0" complexity="13">
              <lines>
                <line number="283" hits="4"/>
                <line number="284" hits="1"/>
                <line number="290" hits="4"/>
                <line number="292" hits="4"/>
                <line number="293" hits="1"/>
                <line number="296" hits="4"/>
                <line number="297" hits="1"/>
                <line number="300" hits="4"/>
                <line number="301" hits="1"/>
                <line number="304" hits="4"/>
                <line number="305" hits="1"/>
                <line number="308" hits="4"/>
                <line number="309" hits="1"/>
                <line number="312" hits="4"/>
              </lines>
            </method>
            <method name="filterUuid" signature="mixed $value" line-rate="1" branch-rate="0" complexity="3">
              <lines>
                <line number="322" hits="1"/>
                <line number="323" hits="1"/>
              </lines>
            </method>
          </methods>
          <lines>
            <line number="29" hits="1"/>
            <line number="30" hits="1"/>
            <line number="31" hits="1"/>
            <line number="32" hits="1"/>
            <line number="35" hits="1"/>
            <line number="48" hits="1"/>
            <line number="49" hits="1"/>
            <line number="50" hits="1"/>
            <line number="51" hits="1"/>
            <line number="53" hits="1"/>
            <line number="65" hits="2"/>
            <line number="70" hits="2"/>
            <line number="73" hits="2"/>
            <line number="74" hits="2"/>
            <line number="77" hits="2"/>
            <line number="87" hits="1"/>
            <line number="88" hits="1"/>
            <line number="89" hits="1"/>
            <line number="90" hits="1"/>
            <line number="92" hits="1"/>
            <line number="104" hits="1"/>
            <line number="105" hits="1"/>
            <line number="106" hits="1"/>
            <line number="108" hits="1"/>
            <line number="111" hits="1"/>
            <line number="112" hits="1"/>
            <line number="114" hits="1"/>
            <line number="126" hits="1"/>
            <line number="127" hits="1"/>
            <line number="130" hits="1"/>
            <line number="140" hits="1"/>
            <line number="142" hits="1"/>
            <line number="153" hits="2"/>
            <line number="154" hits="1"/>
            <line number="157" hits="2"/>
            <line number="173" hits="1"/>
            <line number="174" hits="1"/>
            <line number="175" hits="1"/>
            <line number="176" hits="1"/>
            <line number="177" hits="1"/>
            <line number="179" hits="1"/>
            <line number="190" hits="1"/>
            <line number="191" hits="1"/>
            <line number="199" hits="1"/>
            <line number="210" hits="1"/>
            <line number="221" hits="1"/>
            <line number="223" hits="1"/>
            <line number="236" hits="1"/>
            <line number="237" hits="1"/>
            <line number="240" hits="1"/>
            <line number="241" hits="1"/>
            <line number="244" hits="1"/>
            <line number="255" hits="1"/>
            <line number="256" hits="1"/>
            <line number="259" hits="1"/>
            <line number="260" hits="1"/>
            <line number="262" hits="1"/>
            <line number="265" hits="1"/>
            <line number="266" hits="1"/>
            <line number="267" hits="1"/>
            <line number="271" hits="1"/>
            <line number="283" hits="4"/>
            <line number="284" hits="1"/>
            <line number="290" hits="4"/>
            <line number="292" hits="4"/>
            <line number="293" hits="1"/>
            <line number="296" hits="4"/>
            <line number="297" hits="1"/>
            <line number="300" hits="4"/>
            <line number="301" hits="1"/>
            <line number="304" hits="4"/>
            <line number="305" hits="1"/>
            <line number="308" hits="4"/>
            <line number="309" hits="1"/>
            <line number="312" hits="4"/>
            <line number="322" hits="1"/>
            <line number="323" hits="1"/>
          </lines>
        </class>
      </classes>
    </package>
    <package name="Models/Contracts/Abilities.php" line-rate="0" branch-rate="0" complexity="0">
      <classes/>
    </package>
    <package name="Models/Contracts/Admin.php" line-rate="0" branch-rate="0" complexity="0">
      <classes/>
    </package>
    <package name="Models/Contracts/Privileges.php" line-rate="0" branch-rate="0" complexity="0">
      <classes/>
    </package>
    <package name="Models/Contracts/Role.php" line-rate="0" branch-rate="0" complexity="0">
      <classes/>
    </package>
    <package name="Models/Interfaces/WithChildrenInterface.php" line-rate="0" branch-rate="0" complexity="0">
      <classes/>
    </package>
    <package name="Models/Interfaces/WithCreatorInterface.php" line-rate="0" branch-rate="0" complexity="0">
      <classes/>
    </package>
    <package name="Models/Interfaces/WithModifierInterface.php" line-rate="0" branch-rate="0" complexity="0">
      <classes/>
    </package>
    <package name="Models/Interfaces/WithOwnerInterface.php" line-rate="0" branch-rate="0" complexity="0">
      <classes/>
    </package>
    <package name="Models/Interfaces/WithParentInterface.php" line-rate="0" branch-rate="0" complexity="0">
      <classes/>
    </package>
    <package name="Models/Interfaces/WithRevisionInterface.php" line-rate="0" branch-rate="0" complexity="0">
      <classes/>
    </package>
    <package name="Models/Model.php" line-rate="0" branch-rate="0" complexity="0">
      <classes>
        <class name="Playground\Models\Model" filename="Models/Model.php" line-rate="0" branch-rate="0" complexity="0">
          <methods/>
          <lines/>
        </class>
      </classes>
    </package>
    <package name="Models/Traits/Abilities.php" line-rate="1" branch-rate="0" complexity="14">
      <classes>
        <class name="Playground\Models\Traits\Abilities" filename="Models/Traits/Abilities.php" line-rate="1" branch-rate="0" complexity="14">
          <methods>
            <method name="hasAbility" signature="mixed $ability" line-rate="1" branch-rate="0" complexity="4">
              <lines>
                <line number="19" hits="2"/>
                <line number="20" hits="1"/>
                <line number="23" hits="2"/>
                <line number="25" hits="2"/>
              </lines>
            </method>
            <method name="addAbility" signature="mixed $ability" line-rate="1" branch-rate="0" complexity="5">
              <lines>
                <line number="35" hits="2"/>
                <line number="36" hits="2"/>
                <line number="37" hits="1"/>
                <line number="40" hits="2"/>
                <line number="41" hits="2"/>
                <line number="42" hits="2"/>
                <line number="44" hits="1"/>
                <line number="47" hits="2"/>
                <line number="49" hits="2"/>
              </lines>
            </method>
            <method name="removeAbility" signature="mixed $ability" line-rate="1" branch-rate="0" complexity="5">
              <lines>
                <line number="59" hits="1"/>
                <line number="60" hits="1"/>
                <line number="61" hits="1"/>
                <line number="64" hits="1"/>
                <line number="65" hits="1"/>
                <line number="66" hits="1"/>
                <line number="68" hits="1"/>
                <line number="71" hits="1"/>
                <line number="73" hits="1"/>
              </lines>
            </method>
          </methods>
          <lines>
            <line number="19" hits="2"/>
            <line number="20" hits="1"/>
            <line number="23" hits="2"/>
            <line number="25" hits="2"/>
            <line number="35" hits="2"/>
            <line number="36" hits="2"/>
            <line number="37" hits="1"/>
            <line number="40" hits="2"/>
            <line number="41" hits="2"/>
            <line number="42" hits="2"/>
            <line number="44" hits="1"/>
            <line number="47" hits="2"/>
            <line number="49" hits="2"/>
            <line number="59" hits="1"/>
            <line number="60" hits="1"/>
            <line number="61" hits="1"/>
            <line number="64" hits="1"/>
            <line number="65" hits="1"/>
            <line number="66" hits="1"/>
            <line number="68" hits="1"/>
            <line number="71" hits="1"/>
            <line number="73" hits="1"/>
          </lines>
        </class>
      </classes>
    </package>
    <package name="Models/Traits/Admin.php" line-rate="1" branch-rate="0" complexity="3">
      <classes>
        <class name="Playground\Models\Traits\Admin" filename="Models/Traits/Admin.php" line-rate="1" branch-rate="0" complexity="3">
          <methods>
            <method name="isAdmin" signature="" line-rate="1" branch-rate="0" complexity="3">
              <lines>
                <line number="17" hits="1"/>
                <line number="18" hits="1"/>
                <line number="19" hits="1"/>
              </lines>
            </method>
          </methods>
          <lines>
            <line number="17" hits="1"/>
            <line number="18" hits="1"/>
            <line number="19" hits="1"/>
          </lines>
        </class>
      </classes>
    </package>
    <package name="Models/Traits/Privileges.php" line-rate="1" branch-rate="0" complexity="14">
      <classes>
        <class name="Playground\Models\Traits\Privileges" filename="Models/Traits/Privileges.php" line-rate="1" branch-rate="0" complexity="14">
          <methods>
            <method name="hasPrivilege" signature="mixed $privilege" line-rate="1" branch-rate="0" complexity="4">
              <lines>
                <line number="19" hits="2"/>
                <line number="20" hits="1"/>
                <line number="23" hits="2"/>
                <line number="25" hits="2"/>
              </lines>
            </method>
            <method name="addPrivilege" signature="mixed $privilege" line-rate="1" branch-rate="0" complexity="5">
              <lines>
                <line number="35" hits="2"/>
                <line number="36" hits="2"/>
                <line number="37" hits="1"/>
                <line number="40" hits="2"/>
                <line number="41" hits="2"/>
                <line number="42" hits="2"/>
                <line number="44" hits="1"/>
                <line number="47" hits="2"/>
                <line number="49" hits="2"/>
              </lines>
            </method>
            <method name="removePrivilege" signature="mixed $privilege" line-rate="1" branch-rate="0" complexity="5">
              <lines>
                <line number="59" hits="1"/>
                <line number="60" hits="1"/>
                <line number="61" hits="1"/>
                <line number="64" hits="1"/>
                <line number="65" hits="1"/>
                <line number="66" hits="1"/>
                <line number="68" hits="1"/>
                <line number="71" hits="1"/>
                <line number="73" hits="1"/>
              </lines>
            </method>
          </methods>
          <lines>
            <line number="19" hits="2"/>
            <line number="20" hits="1"/>
            <line number="23" hits="2"/>
            <line number="25" hits="2"/>
            <line number="35" hits="2"/>
            <line number="36" hits="2"/>
            <line number="37" hits="1"/>
            <line number="40" hits="2"/>
            <line number="41" hits="2"/>
            <line number="42" hits="2"/>
            <line number="44" hits="1"/>
            <line number="47" hits="2"/>
            <line number="49" hits="2"/>
            <line number="59" hits="1"/>
            <line number="60" hits="1"/>
            <line number="61" hits="1"/>
            <line number="64" hits="1"/>
            <line number="65" hits="1"/>
            <line number="66" hits="1"/>
            <line number="68" hits="1"/>
            <line number="71" hits="1"/>
            <line number="73" hits="1"/>
          </lines>
        </class>
      </classes>
    </package>
    <package name="Models/Traits/Role.php" line-rate="1" branch-rate="0" complexity="16">
      <classes>
        <class name="Playground\Models\Traits\Role" filename="Models/Traits/Role.php" line-rate="1" branch-rate="0" complexity="16">
          <methods>
            <method name="hasRole" signature="mixed $role" line-rate="1" branch-rate="0" complexity="5">
              <lines>
                <line number="22" hits="3"/>
                <line number="23" hits="1"/>
                <line number="26" hits="3"/>
                <line number="27" hits="3"/>
                <line number="30" hits="2"/>
                <line number="32" hits="2"/>
              </lines>
            </method>
            <method name="addRole" signature="mixed $role" line-rate="1" branch-rate="0" complexity="6">
              <lines>
                <line number="42" hits="2"/>
                <line number="43" hits="2"/>
                <line number="44" hits="1"/>
                <line number="47" hits="2"/>
                <line number="48" hits="2"/>
                <line number="49" hits="2"/>
                <line number="50" hits="2"/>
                <line number="51" hits="2"/>
                <line number="52" hits="2"/>
                <line number="54" hits="1"/>
                <line number="57" hits="2"/>
                <line number="59" hits="2"/>
              </lines>
            </method>
            <method name="removeRole" signature="mixed $role" line-rate="1" branch-rate="0" complexity="5">
              <lines>
                <line number="69" hits="1"/>
                <line number="70" hits="1"/>
                <line number="71" hits="1"/>
                <line number="74" hits="1"/>
                <line number="75" hits="1"/>
                <line number="76" hits="1"/>
                <line number="78" hits="1"/>
                <line number="81" hits="1"/>
                <line number="83" hits="1"/>
              </lines>
            </method>
          </methods>
          <lines>
            <line number="22" hits="3"/>
            <line number="23" hits="1"/>
            <line number="26" hits="3"/>
            <line number="27" hits="3"/>
            <line number="30" hits="2"/>
            <line number="32" hits="2"/>
            <line number="42" hits="2"/>
            <line number="43" hits="2"/>
            <line number="44" hits="1"/>
            <line number="47" hits="2"/>
            <line number="48" hits="2"/>
            <line number="49" hits="2"/>
            <line number="50" hits="2"/>
            <line number="51" hits="2"/>
            <line number="52" hits="2"/>
            <line number="54" hits="1"/>
            <line number="57" hits="2"/>
            <line number="59" hits="2"/>
            <line number="69" hits="1"/>
            <line number="70" hits="1"/>
            <line number="71" hits="1"/>
            <line number="74" hits="1"/>
            <line number="75" hits="1"/>
            <line number="76" hits="1"/>
            <line number="78" hits="1"/>
            <line number="81" hits="1"/>
            <line number="83" hits="1"/>
          </lines>
        </class>
      </classes>
    </package>
    <package name="Models/Traits/ScopeFilterColumns.php" line-rate="1" branch-rate="0" complexity="31">
      <classes>
        <class name="Playground\Models\Traits\ScopeFilterColumns" filename="Models/Traits/ScopeFilterColumns.php" line-rate="1" branch-rate="0" complexity="31">
          <methods>
            <method name="scopeFilterColumns" signature="Illuminate\Database\Eloquent\Builder $query, array $columns, array $validated" line-rate="1" branch-rate="0" complexity="31">
              <lines>
                <line number="25" hits="15"/>
                <line number="26" hits="2"/>
                <line number="29" hits="13"/>
                <line number="30" hits="13"/>
                <line number="31" hits="13"/>
                <line number="33" hits="13"/>
                <line number="34" hits="13"/>
                <line number="35" hits="13"/>
                <line number="36" hits="13"/>
                <line number="37" hits="13"/>
                <line number="38" hits="13"/>
                <line number="39" hits="13"/>
                <line number="40" hits="13"/>
                <line number="41" hits="13"/>
                <line number="42" hits="13"/>
                <line number="43" hits="13"/>
                <line number="44" hits="13"/>
                <line number="45" hits="13"/>
                <line number="46" hits="13"/>
                <line number="47" hits="13"/>
                <line number="48" hits="13"/>
                <line number="49" hits="13"/>
                <line number="51" hits="13"/>
                <line number="53" hits="13"/>
                <line number="59" hits="13"/>
                <line number="60" hits="13"/>
                <line number="61" hits="13"/>
                <line number="62" hits="13"/>
                <line number="65" hits="3"/>
                <line number="68" hits="12"/>
                <line number="69" hits="12"/>
                <line number="70" hits="12"/>
                <line number="71" hits="12"/>
                <line number="73" hits="3"/>
                <line number="76" hits="12"/>
                <line number="77" hits="12"/>
                <line number="78" hits="12"/>
                <line number="80" hits="12"/>
                <line number="81" hits="3"/>
                <line number="82" hits="3"/>
                <line number="83" hits="3"/>
                <line number="84" hits="3"/>
                <line number="85" hits="3"/>
                <line number="86" hits="3"/>
                <line number="87" hits="3"/>
                <line number="88" hits="3"/>
                <line number="90" hits="9"/>
                <line number="91" hits="6"/>
                <line number="92" hits="6"/>
                <line number="93" hits="6"/>
                <line number="94" hits="6"/>
                <line number="95" hits="5"/>
                <line number="98" hits="6"/>
                <line number="99" hits="6"/>
                <line number="102" hits="3"/>
                <line number="105" hits="9"/>
                <line number="107" hits="1"/>
                <line number="110" hits="8"/>
                <line number="111" hits="3"/>
                <line number="114" hits="8"/>
                <line number="115" hits="4"/>
                <line number="116" hits="5"/>
                <line number="117" hits="1"/>
                <line number="118" hits="1"/>
                <line number="119" hits="1"/>
                <line number="120" hits="1"/>
                <line number="121" hits="1"/>
                <line number="122" hits="5"/>
                <line number="123" hits="1"/>
                <line number="124" hits="5"/>
                <line number="125" hits="1"/>
                <line number="126" hits="5"/>
                <line number="127" hits="2"/>
                <line number="128" hits="1"/>
                <line number="130" hits="3"/>
                <line number="131" hits="2"/>
                <line number="132" hits="1"/>
                <line number="135" hits="1"/>
                <line number="147" hits="13"/>
              </lines>
            </method>
          </methods>
          <lines>
            <line number="25" hits="15"/>
            <line number="26" hits="2"/>
            <line number="29" hits="13"/>
            <line number="30" hits="13"/>
            <line number="31" hits="13"/>
            <line number="33" hits="13"/>
            <line number="34" hits="13"/>
            <line number="35" hits="13"/>
            <line number="36" hits="13"/>
            <line number="37" hits="13"/>
            <line number="38" hits="13"/>
            <line number="39" hits="13"/>
            <line number="40" hits="13"/>
            <line number="41" hits="13"/>
            <line number="42" hits="13"/>
            <line number="43" hits="13"/>
            <line number="44" hits="13"/>
            <line number="45" hits="13"/>
            <line number="46" hits="13"/>
            <line number="47" hits="13"/>
            <line number="48" hits="13"/>
            <line number="49" hits="13"/>
            <line number="51" hits="13"/>
            <line number="53" hits="13"/>
            <line number="59" hits="13"/>
            <line number="60" hits="13"/>
            <line number="61" hits="13"/>
            <line number="62" hits="13"/>
            <line number="65" hits="3"/>
            <line number="68" hits="12"/>
            <line number="69" hits="12"/>
            <line number="70" hits="12"/>
            <line number="71" hits="12"/>
            <line number="73" hits="3"/>
            <line number="76" hits="12"/>
            <line number="77" hits="12"/>
            <line number="78" hits="12"/>
            <line number="80" hits="12"/>
            <line number="81" hits="3"/>
            <line number="82" hits="3"/>
            <line number="83" hits="3"/>
            <line number="84" hits="3"/>
            <line number="85" hits="3"/>
            <line number="86" hits="3"/>
            <line number="87" hits="3"/>
            <line number="88" hits="3"/>
            <line number="90" hits="9"/>
            <line number="91" hits="6"/>
            <line number="92" hits="6"/>
            <line number="93" hits="6"/>
            <line number="94" hits="6"/>
            <line number="95" hits="5"/>
            <line number="98" hits="6"/>
            <line number="99" hits="6"/>
            <line number="102" hits="3"/>
            <line number="105" hits="9"/>
            <line number="107" hits="1"/>
            <line number="110" hits="8"/>
            <line number="111" hits="3"/>
            <line number="114" hits="8"/>
            <line number="115" hits="4"/>
            <line number="116" hits="5"/>
            <line number="117" hits="1"/>
            <line number="118" hits="1"/>
            <line number="119" hits="1"/>
            <line number="120" hits="1"/>
            <line number="121" hits="1"/>
            <line number="122" hits="5"/>
            <line number="123" hits="1"/>
            <line number="124" hits="5"/>
            <line number="125" hits="1"/>
            <line number="126" hits="5"/>
            <line number="127" hits="2"/>
            <line number="128" hits="1"/>
            <line number="130" hits="3"/>
            <line number="131" hits="2"/>
            <line number="132" hits="1"/>
            <line number="135" hits="1"/>
            <line number="147" hits="13"/>
          </lines>
        </class>
      </classes>
    </package>
    <package name="Models/Traits/ScopeFilterDates.php" line-rate="1" branch-rate="0" complexity="43">
      <classes>
        <class name="Playground\Models\Traits\ScopeFilterDates" filename="Models/Traits/ScopeFilterDates.php" line-rate="1" branch-rate="0" complexity="43">
          <methods>
            <method name="scopeFilterDates" signature="Illuminate\Database\Eloquent\Builder $query, array $dates, array $validated" line-rate="1" branch-rate="0" complexity="43">
              <lines>
                <line number="26" hits="18"/>
                <line number="27" hits="2"/>
                <line number="30" hits="16"/>
                <line number="31" hits="16"/>
                <line number="32" hits="16"/>
                <line number="34" hits="16"/>
                <line number="35" hits="16"/>
                <line number="36" hits="16"/>
                <line number="37" hits="16"/>
                <line number="38" hits="16"/>
                <line number="39" hits="16"/>
                <line number="40" hits="16"/>
                <line number="41" hits="16"/>
                <line number="42" hits="16"/>
                <line number="43" hits="16"/>
                <line number="44" hits="16"/>
                <line number="45" hits="16"/>
                <line number="46" hits="16"/>
                <line number="47" hits="16"/>
                <line number="48" hits="16"/>
                <line number="49" hits="16"/>
                <line number="50" hits="16"/>
                <line number="52" hits="16"/>
                <line number="54" hits="16"/>
                <line number="56" hits="16"/>
                <line number="57" hits="16"/>
                <line number="58" hits="16"/>
                <line number="59" hits="16"/>
                <line number="62" hits="4"/>
                <line number="65" hits="15"/>
                <line number="67" hits="15"/>
                <line number="68" hits="15"/>
                <line number="69" hits="15"/>
                <line number="71" hits="15"/>
                <line number="73" hits="15"/>
                <line number="74" hits="2"/>
                <line number="75" hits="1"/>
                <line number="77" hits="1"/>
                <line number="79" hits="13"/>
                <line number="81" hits="9"/>
                <line number="82" hits="9"/>
                <line number="83" hits="9"/>
                <line number="84" hits="9"/>
                <line number="85" hits="5"/>
                <line number="88" hits="9"/>
                <line number="89" hits="9"/>
                <line number="98" hits="9"/>
                <line number="99" hits="2"/>
                <line number="100" hits="7"/>
                <line number="101" hits="6"/>
                <line number="102" hits="1"/>
                <line number="103" hits="1"/>
                <line number="104" hits="1"/>
                <line number="105" hits="1"/>
                <line number="106" hits="1"/>
                <line number="108" hits="5"/>
                <line number="109" hits="2"/>
                <line number="111" hits="3"/>
                <line number="115" hits="9"/>
                <line number="116" hits="3"/>
                <line number="119" hits="4"/>
                <line number="120" hits="4"/>
                <line number="122" hits="3"/>
                <line number="123" hits="3"/>
                <line number="124" hits="1"/>
                <line number="126" hits="2"/>
                <line number="127" hits="2"/>
                <line number="131" hits="1"/>
                <line number="134" hits="13"/>
                <line number="136" hits="7"/>
                <line number="137" hits="5"/>
                <line number="138" hits="2"/>
                <line number="139" hits="2"/>
                <line number="140" hits="6"/>
                <line number="142" hits="1"/>
                <line number="144" hits="1"/>
                <line number="148" hits="12"/>
                <line number="150" hits="1"/>
                <line number="153" hits="11"/>
                <line number="154" hits="3"/>
                <line number="155" hits="9"/>
                <line number="156" hits="1"/>
                <line number="157" hits="1"/>
                <line number="158" hits="1"/>
                <line number="159" hits="1"/>
                <line number="160" hits="1"/>
                <line number="161" hits="9"/>
                <line number="162" hits="2"/>
                <line number="163" hits="8"/>
                <line number="164" hits="1"/>
                <line number="165" hits="8"/>
                <line number="166" hits="1"/>
                <line number="167" hits="1"/>
                <line number="169" hits="7"/>
                <line number="170" hits="1"/>
                <line number="171" hits="1"/>
                <line number="174" hits="6"/>
                <line number="175" hits="6"/>
                <line number="176" hits="6"/>
                <line number="177" hits="6"/>
                <line number="178" hits="6"/>
                <line number="193" hits="16"/>
              </lines>
            </method>
          </methods>
          <lines>
            <line number="26" hits="18"/>
            <line number="27" hits="2"/>
            <line number="30" hits="16"/>
            <line number="31" hits="16"/>
            <line number="32" hits="16"/>
            <line number="34" hits="16"/>
            <line number="35" hits="16"/>
            <line number="36" hits="16"/>
            <line number="37" hits="16"/>
            <line number="38" hits="16"/>
            <line number="39" hits="16"/>
            <line number="40" hits="16"/>
            <line number="41" hits="16"/>
            <line number="42" hits="16"/>
            <line number="43" hits="16"/>
            <line number="44" hits="16"/>
            <line number="45" hits="16"/>
            <line number="46" hits="16"/>
            <line number="47" hits="16"/>
            <line number="48" hits="16"/>
            <line number="49" hits="16"/>
            <line number="50" hits="16"/>
            <line number="52" hits="16"/>
            <line number="54" hits="16"/>
            <line number="56" hits="16"/>
            <line number="57" hits="16"/>
            <line number="58" hits="16"/>
            <line number="59" hits="16"/>
            <line number="62" hits="4"/>
            <line number="65" hits="15"/>
            <line number="67" hits="15"/>
            <line number="68" hits="15"/>
            <line number="69" hits="15"/>
            <line number="71" hits="15"/>
            <line number="73" hits="15"/>
            <line number="74" hits="2"/>
            <line number="75" hits="1"/>
            <line number="77" hits="1"/>
            <line number="79" hits="13"/>
            <line number="81" hits="9"/>
            <line number="82" hits="9"/>
            <line number="83" hits="9"/>
            <line number="84" hits="9"/>
            <line number="85" hits="5"/>
            <line number="88" hits="9"/>
            <line number="89" hits="9"/>
            <line number="98" hits="9"/>
            <line number="99" hits="2"/>
            <line number="100" hits="7"/>
            <line number="101" hits="6"/>
            <line number="102" hits="1"/>
            <line number="103" hits="1"/>
            <line number="104" hits="1"/>
            <line number="105" hits="1"/>
            <line number="106" hits="1"/>
            <line number="108" hits="5"/>
            <line number="109" hits="2"/>
            <line number="111" hits="3"/>
            <line number="115" hits="9"/>
            <line number="116" hits="3"/>
            <line number="119" hits="4"/>
            <line number="120" hits="4"/>
            <line number="122" hits="3"/>
            <line number="123" hits="3"/>
            <line number="124" hits="1"/>
            <line number="126" hits="2"/>
            <line number="127" hits="2"/>
            <line number="131" hits="1"/>
            <line number="134" hits="13"/>
            <line number="136" hits="7"/>
            <line number="137" hits="5"/>
            <line number="138" hits="2"/>
            <line number="139" hits="2"/>
            <line number="140" hits="6"/>
            <line number="142" hits="1"/>
            <line number="144" hits="1"/>
            <line number="148" hits="12"/>
            <line number="150" hits="1"/>
            <line number="153" hits="11"/>
            <line number="154" hits="3"/>
            <line number="155" hits="9"/>
            <line number="156" hits="1"/>
            <line number="157" hits="1"/>
            <line number="158" hits="1"/>
            <line number="159" hits="1"/>
            <line number="160" hits="1"/>
            <line number="161" hits="9"/>
            <line number="162" hits="2"/>
            <line number="163" hits="8"/>
            <line number="164" hits="1"/>
            <line number="165" hits="8"/>
            <line number="166" hits="1"/>
            <line number="167" hits="1"/>
            <line number="169" hits="7"/>
            <line number="170" hits="1"/>
            <line number="171" hits="1"/>
            <line number="174" hits="6"/>
            <line number="175" hits="6"/>
            <line number="176" hits="6"/>
            <line number="177" hits="6"/>
            <line number="178" hits="6"/>
            <line number="193" hits="16"/>
          </lines>
        </class>
      </classes>
    </package>
    <package name="Models/Traits/ScopeFilterFlags.php" line-rate="1" branch-rate="0" complexity="9">
      <classes>
        <class name="Playground\Models\Traits\ScopeFilterFlags" filename="Models/Traits/ScopeFilterFlags.php" line-rate="1" branch-rate="0" complexity="9">
          <methods>
            <method name="scopeFilterFlags" signature="Illuminate\Database\Eloquent\Builder $query, array $flags, array $validated" line-rate="1" branch-rate="0" complexity="9">
              <lines>
                <line number="23" hits="3"/>
                <line number="24" hits="2"/>
                <line number="27" hits="1"/>
                <line number="28" hits="1"/>
                <line number="29" hits="1"/>
                <line number="30" hits="1"/>
                <line number="31" hits="1"/>
                <line number="33" hits="1"/>
                <line number="35" hits="1"/>
                <line number="47" hits="1"/>
              </lines>
            </method>
          </methods>
          <lines>
            <line number="23" hits="3"/>
            <line number="24" hits="2"/>
            <line number="27" hits="1"/>
            <line number="28" hits="1"/>
            <line number="29" hits="1"/>
            <line number="30" hits="1"/>
            <line number="31" hits="1"/>
            <line number="33" hits="1"/>
            <line number="35" hits="1"/>
            <line number="47" hits="1"/>
          </lines>
        </class>
      </classes>
    </package>
    <package name="Models/Traits/ScopeFilterIds.php" line-rate="1" branch-rate="0" complexity="27">
      <classes>
        <class name="Playground\Models\Traits\ScopeFilterIds" filename="Models/Traits/ScopeFilterIds.php" line-rate="1" branch-rate="0" complexity="27">
          <methods>
            <method name="scopeFilterIds" signature="Illuminate\Database\Eloquent\Builder $query, array $ids, array $validated" line-rate="1" branch-rate="0" complexity="27">
              <lines>
                <line number="24" hits="11"/>
                <line number="25" hits="2"/>
                <line number="28" hits="9"/>
                <line number="30" hits="9"/>
                <line number="32" hits="9"/>
                <line number="33" hits="9"/>
                <line number="34" hits="9"/>
                <line number="35" hits="9"/>
                <line number="36" hits="9"/>
                <line number="38" hits="8"/>
                <line number="41" hits="8"/>
                <line number="42" hits="8"/>
                <line number="43" hits="8"/>
                <line number="44" hits="8"/>
                <line number="46" hits="5"/>
                <line number="49" hits="8"/>
                <line number="51" hits="2"/>
                <line number="52" hits="7"/>
                <line number="53" hits="7"/>
                <line number="56" hits="3"/>
                <line number="57" hits="5"/>
                <line number="59" hits="5"/>
                <line number="61" hits="5"/>
                <line number="62" hits="5"/>
                <line number="64" hits="1"/>
                <line number="66" hits="5"/>
                <line number="67" hits="1"/>
                <line number="68" hits="1"/>
                <line number="70" hits="4"/>
                <line number="71" hits="2"/>
                <line number="72" hits="2"/>
                <line number="74" hits="2"/>
                <line number="75" hits="2"/>
                <line number="76" hits="1"/>
                <line number="81" hits="5"/>
                <line number="82" hits="4"/>
                <line number="95" hits="9"/>
              </lines>
            </method>
          </methods>
          <lines>
            <line number="24" hits="11"/>
            <line number="25" hits="2"/>
            <line number="28" hits="9"/>
            <line number="30" hits="9"/>
            <line number="32" hits="9"/>
            <line number="33" hits="9"/>
            <line number="34" hits="9"/>
            <line number="35" hits="9"/>
            <line number="36" hits="9"/>
            <line number="38" hits="8"/>
            <line number="41" hits="8"/>
            <line number="42" hits="8"/>
            <line number="43" hits="8"/>
            <line number="44" hits="8"/>
            <line number="46" hits="5"/>
            <line number="49" hits="8"/>
            <line number="51" hits="2"/>
            <line number="52" hits="7"/>
            <line number="53" hits="7"/>
            <line number="56" hits="3"/>
            <line number="57" hits="5"/>
            <line number="59" hits="5"/>
            <line number="61" hits="5"/>
            <line number="62" hits="5"/>
            <line number="64" hits="1"/>
            <line number="66" hits="5"/>
            <line number="67" hits="1"/>
            <line number="68" hits="1"/>
            <line number="70" hits="4"/>
            <line number="71" hits="2"/>
            <line number="72" hits="2"/>
            <line number="74" hits="2"/>
            <line number="75" hits="2"/>
            <line number="76" hits="1"/>
            <line number="81" hits="5"/>
            <line number="82" hits="4"/>
            <line number="95" hits="9"/>
          </lines>
        </class>
      </classes>
    </package>
    <package name="Models/Traits/ScopeFilterTrash.php" line-rate="1" branch-rate="0" complexity="7">
      <classes>
        <class name="Playground\Models\Traits\ScopeFilterTrash" filename="Models/Traits/ScopeFilterTrash.php" line-rate="1" branch-rate="0" complexity="7">
          <methods>
            <method name="scopeFilterTrash" signature="Illuminate\Database\Eloquent\Builder $query, string $visibility" line-rate="1" branch-rate="0" complexity="7">
              <lines>
                <line number="18" hits="3"/>
                <line number="19" hits="3"/>
                <line number="21" hits="1"/>
                <line number="22" hits="2"/>
                <line number="23" hits="2"/>
                <line number="25" hits="1"/>
                <line number="28" hits="3"/>
              </lines>
            </method>
          </methods>
          <lines>
            <line number="18" hits="3"/>
            <line number="19" hits="3"/>
            <line number="21" hits="1"/>
            <line number="22" hits="2"/>
            <line number="23" hits="2"/>
            <line number="25" hits="1"/>
            <line number="28" hits="3"/>
          </lines>
        </class>
      </classes>
    </package>
    <package name="Models/Traits/ScopeSort.php" line-rate="1" branch-rate="0" complexity="16">
      <classes>
        <class name="Playground\Models\Traits\ScopeSort" filename="Models/Traits/ScopeSort.php" line-rate="1" branch-rate="0" complexity="16">
          <methods>
            <method name="scopeSort" signature="Illuminate\Database\Eloquent\Builder $query, mixed $sort" line-rate="1" branch-rate="0" complexity="16">
              <lines>
                <line number="18" hits="11"/>
                <line number="19" hits="1"/>
                <line number="22" hits="10"/>
                <line number="24" hits="10"/>
                <line number="26" hits="10"/>
                <line number="27" hits="2"/>
                <line number="30" hits="10"/>
                <line number="31" hits="10"/>
                <line number="32" hits="10"/>
                <line number="33" hits="10"/>
                <line number="34" hits="2"/>
                <line number="35" hits="2"/>
                <line number="36" hits="8"/>
                <line number="37" hits="2"/>
                <line number="38" hits="2"/>
                <line number="39" hits="6"/>
                <line number="40" hits="4"/>
                <line number="41" hits="4"/>
                <line number="43" hits="2"/>
                <line number="44" hits="2"/>
                <line number="45" hits="2"/>
                <line number="47" hits="2"/>
                <line number="51" hits="10"/>
                <line number="52" hits="10"/>
                <line number="53" hits="10"/>
                <line number="55" hits="10"/>
                <line number="56" hits="10"/>
                <line number="61" hits="10"/>
              </lines>
            </method>
          </methods>
          <lines>
            <line number="18" hits="11"/>
            <line number="19" hits="1"/>
            <line number="22" hits="10"/>
            <line number="24" hits="10"/>
            <line number="26" hits="10"/>
            <line number="27" hits="2"/>
            <line number="30" hits="10"/>
            <line number="31" hits="10"/>
            <line number="32" hits="10"/>
            <line number="33" hits="10"/>
            <line number="34" hits="2"/>
            <line number="35" hits="2"/>
            <line number="36" hits="8"/>
            <line number="37" hits="2"/>
            <line number="38" hits="2"/>
            <line number="39" hits="6"/>
            <line number="40" hits="4"/>
            <line number="41" hits="4"/>
            <line number="43" hits="2"/>
            <line number="44" hits="2"/>
            <line number="45" hits="2"/>
            <line number="47" hits="2"/>
            <line number="51" hits="10"/>
            <line number="52" hits="10"/>
            <line number="53" hits="10"/>
            <line number="55" hits="10"/>
            <line number="56" hits="10"/>
            <line number="61" hits="10"/>
          </lines>
        </class>
      </classes>
    </package>
    <package name="Models/Traits/WithChildren.php" line-rate="1" branch-rate="0" complexity="1">
      <classes>
        <class name="Playground\Models\Traits\WithChildren" filename="Models/Traits/WithChildren.php" line-rate="1" branch-rate="0" complexity="1">
          <methods>
            <method name="children" signature="" line-rate="1" branch-rate="0" complexity="1">
              <lines>
                <line number="19" hits="1"/>
                <line number="20" hits="1"/>
                <line number="21" hits="1"/>
                <line number="22" hits="1"/>
                <line number="23" hits="1"/>
              </lines>
            </method>
          </methods>
          <lines>
            <line number="19" hits="1"/>
            <line number="20" hits="1"/>
            <line number="21" hits="1"/>
            <line number="22" hits="1"/>
            <line number="23" hits="1"/>
          </lines>
        </class>
      </classes>
    </package>
    <package name="Models/Traits/WithCreator.php" line-rate="1" branch-rate="0" complexity="1">
      <classes>
        <class name="Playground\Models\Traits\WithCreator" filename="Models/Traits/WithCreator.php" line-rate="1" branch-rate="0" complexity="1">
          <methods>
            <method name="creator" signature="" line-rate="1" branch-rate="0" complexity="1">
              <lines>
                <line number="22" hits="1"/>
                <line number="24" hits="1"/>
              </lines>
            </method>
          </methods>
          <lines>
            <line number="22" hits="1"/>
            <line number="24" hits="1"/>
          </lines>
        </class>
      </classes>
    </package>
    <package name="Models/Traits/WithModifier.php" line-rate="1" branch-rate="0" complexity="1">
      <classes>
        <class name="Playground\Models\Traits\WithModifier" filename="Models/Traits/WithModifier.php" line-rate="1" branch-rate="0" complexity="1">
          <methods>
            <method name="modifier" signature="" line-rate="1" branch-rate="0" complexity="1">
              <lines>
                <line number="22" hits="1"/>
                <line number="24" hits="1"/>
              </lines>
            </method>
          </methods>
          <lines>
            <line number="22" hits="1"/>
            <line number="24" hits="1"/>
          </lines>
        </class>
      </classes>
    </package>
    <package name="Models/Traits/WithOwner.php" line-rate="1" branch-rate="0" complexity="1">
      <classes>
        <class name="Playground\Models\Traits\WithOwner" filename="Models/Traits/WithOwner.php" line-rate="1" branch-rate="0" complexity="1">
          <methods>
            <method name="owner" signature="" line-rate="1" branch-rate="0" complexity="1">
              <lines>
                <line number="22" hits="1"/>
                <line number="24" hits="1"/>
              </lines>
            </method>
          </methods>
          <lines>
            <line number="22" hits="1"/>
            <line number="24" hits="1"/>
          </lines>
        </class>
      </classes>
    </package>
    <package name="Models/Traits/WithParent.php" line-rate="1" branch-rate="0" complexity="1">
      <classes>
        <class name="Playground\Models\Traits\WithParent" filename="Models/Traits/WithParent.php" line-rate="1" branch-rate="0" complexity="1">
          <methods>
            <method name="parent" signature="" line-rate="1" branch-rate="0" complexity="1">
              <lines>
                <line number="19" hits="1"/>
                <line number="20" hits="1"/>
                <line number="21" hits="1"/>
                <line number="22" hits="1"/>
                <line number="23" hits="1"/>
              </lines>
            </method>
          </methods>
          <lines>
            <line number="19" hits="1"/>
            <line number="20" hits="1"/>
            <line number="21" hits="1"/>
            <line number="22" hits="1"/>
            <line number="23" hits="1"/>
          </lines>
        </class>
      </classes>
    </package>
    <package name="Models/User.php" line-rate="0" branch-rate="0" complexity="0">
      <classes>
        <class name="Playground\Models\User" filename="Models/User.php" line-rate="0" branch-rate="0" complexity="0">
          <methods/>
          <lines/>
        </class>
      </classes>
    </package>
    <package name="Models/UuidModel.php" line-rate="0" branch-rate="0" complexity="0">
      <classes>
        <class name="Playground\Models\UuidModel" filename="Models/UuidModel.php" line-rate="0" branch-rate="0" complexity="0">
          <methods/>
          <lines/>
        </class>
      </classes>
    </package>
    <package name="ServiceProvider.php" line-rate="1" branch-rate="0" complexity="15">
      <classes>
        <class name="Playground\ServiceProvider" filename="ServiceProvider.php" line-rate="1" branch-rate="0" complexity="15">
          <methods>
            <method name="boot" signature="" line-rate="1" branch-rate="0" complexity="4">
              <lines>
                <line number="24" hits="98"/>
                <line number="26" hits="98"/>
                <line number="27" hits="2"/>
                <line number="28" hits="2"/>
                <line number="29" hits="2"/>
                <line number="30" hits="2"/>
                <line number="32" hits="2"/>
                <line number="34" hits="2"/>
                <line number="35" hits="2"/>
                <line number="36" hits="2"/>
                <line number="39" hits="2"/>
              </lines>
            </method>
            <method name="about" signature="array $config" line-rate="1" branch-rate="0" complexity="9">
              <lines>
                <line number="48" hits="2"/>
                <line number="49" hits="2"/>
                <line number="51" hits="2"/>
                <line number="53" hits="2"/>
                <line number="55" hits="2"/>
                <line number="56" hits="2"/>
                <line number="57" hits="2"/>
                <line number="59" hits="2"/>
                <line number="60" hits="2"/>
                <line number="62" hits="2"/>
                <line number="63" hits="2"/>
                <line number="65" hits="2"/>
                <line number="66" hits="2"/>
                <line number="67" hits="2"/>
                <line number="68" hits="2"/>
              </lines>
            </method>
            <method name="register" signature="" line-rate="1" branch-rate="0" complexity="1">
              <lines>
                <line number="73" hits="98"/>
                <line number="74" hits="98"/>
                <line number="75" hits="98"/>
                <line number="76" hits="98"/>
              </lines>
            </method>
            <method name="version" signature="" line-rate="1" branch-rate="0" complexity="1">
              <lines>
                <line number="81" hits="2"/>
              </lines>
            </method>
          </methods>
          <lines>
            <line number="24" hits="98"/>
            <line number="26" hits="98"/>
            <line number="27" hits="2"/>
            <line number="28" hits="2"/>
            <line number="29" hits="2"/>
            <line number="30" hits="2"/>
            <line number="32" hits="2"/>
            <line number="34" hits="2"/>
            <line number="35" hits="2"/>
            <line number="36" hits="2"/>
            <line number="39" hits="2"/>
            <line number="48" hits="2"/>
            <line number="49" hits="2"/>
            <line number="51" hits="2"/>
            <line number="53" hits="2"/>
            <line number="55" hits="2"/>
            <line number="56" hits="2"/>
            <line number="57" hits="2"/>
            <line number="59" hits="2"/>
            <line number="60" hits="2"/>
            <line number="62" hits="2"/>
            <line number="63" hits="2"/>
            <line number="65" hits="2"/>
            <line number="66" hits="2"/>
            <line number="67" hits="2"/>
            <line number="68" hits="2"/>
            <line number="73" hits="98"/>
            <line number="74" hits="98"/>
            <line number="75" hits="98"/>
            <line number="76" hits="98"/>
            <line number="81" hits="2"/>
          </lines>
        </class>
      </classes>
    </package>
  </packages>
</coverage>
