<?xml version="1.0" encoding="UTF-8"?>
<testsuites>
  <testsuite name="/app/phpunit-ci.xml" tests="77" assertions="486" errors="0" failures="0" skipped="0" time="2.718180">
    <testsuite name="Unit" tests="75" assertions="475" errors="0" failures="0" skipped="0" time="2.449819">
      <testsuite name="Tests\Unit\Playground\Models\Model\ModelTest" file="/app/tests/Unit/Models/Model/ModelTest.php" tests="5" assertions="5" errors="0" failures="0" skipped="0" time="0.482643">
        <testcase name="test_with_children_children_returns_has_many" file="/app/tests/Unit/Models/Model/ModelTest.php" line="20" class="Tests\Unit\Playground\Models\Model\ModelTest" classname="Tests.Unit.Playground.Models.Model.ModelTest" assertions="1" time="0.370689"/>
        <testcase name="test_with_creator_creator_returns_has_one" file="/app/tests/Unit/Models/Model/ModelTest.php" line="28" class="Tests\Unit\Playground\Models\Model\ModelTest" classname="Tests.Unit.Playground.Models.Model.ModelTest" assertions="1" time="0.029899"/>
        <testcase name="test_with_modifier_modifier_returns_has_one" file="/app/tests/Unit/Models/Model/ModelTest.php" line="36" class="Tests\Unit\Playground\Models\Model\ModelTest" classname="Tests.Unit.Playground.Models.Model.ModelTest" assertions="1" time="0.028440"/>
        <testcase name="test_with_owner_owner_returns_has_one" file="/app/tests/Unit/Models/Model/ModelTest.php" line="44" class="Tests\Unit\Playground\Models\Model\ModelTest" classname="Tests.Unit.Playground.Models.Model.ModelTest" assertions="1" time="0.027000"/>
        <testcase name="test_with_parent_parent_returns_has_one" file="/app/tests/Unit/Models/Model/ModelTest.php" line="52" class="Tests\Unit\Playground\Models\Model\ModelTest" classname="Tests.Unit.Playground.Models.Model.ModelTest" assertions="1" time="0.026615"/>
      </testsuite>
      <testsuite name="Tests\Unit\Playground\Models\Scopes\ScopeFilterColumns\ModelTest" file="/app/tests/Unit/Models/Scopes/ScopeFilterColumns/ModelTest.php" tests="15" assertions="150" errors="0" failures="0" skipped="0" time="0.422146">
        <testcase name="test_scope_filter_columns_returns_query_without_columns_or_filters" file="/app/tests/Unit/Models/Scopes/ScopeFilterColumns/ModelTest.php" line="37" class="Tests\Unit\Playground\Models\Scopes\ScopeFilterColumns\ModelTest" classname="Tests.Unit.Playground.Models.Scopes.ScopeFilterColumns.ModelTest" assertions="2" time="0.026519"/>
        <testcase name="test_scope_filter_columns_returns_query_without_filters" file="/app/tests/Unit/Models/Scopes/ScopeFilterColumns/ModelTest.php" line="53" class="Tests\Unit\Playground\Models\Scopes\ScopeFilterColumns\ModelTest" classname="Tests.Unit.Playground.Models.Scopes.ScopeFilterColumns.ModelTest" assertions="4" time="0.026728"/>
        <testcase name="test_scope_filter_columns_returns_query_with_invalid_column" file="/app/tests/Unit/Models/Scopes/ScopeFilterColumns/ModelTest.php" line="76" class="Tests\Unit\Playground\Models\Scopes\ScopeFilterColumns\ModelTest" classname="Tests.Unit.Playground.Models.Scopes.ScopeFilterColumns.ModelTest" assertions="4" time="0.026940"/>
        <testcase name="test_scope_filter_columns_returns_query_with_filters_without_meta_for_strings" file="/app/tests/Unit/Models/Scopes/ScopeFilterColumns/ModelTest.php" line="106" class="Tests\Unit\Playground\Models\Scopes\ScopeFilterColumns\ModelTest" classname="Tests.Unit.Playground.Models.Scopes.ScopeFilterColumns.ModelTest" assertions="8" time="0.026791"/>
        <testcase name="test_scope_filter_columns_returns_query_with_null_comparison_and_ignore" file="/app/tests/Unit/Models/Scopes/ScopeFilterColumns/ModelTest.php" line="144" class="Tests\Unit\Playground\Models\Scopes\ScopeFilterColumns\ModelTest" classname="Tests.Unit.Playground.Models.Scopes.ScopeFilterColumns.ModelTest" assertions="4" time="0.026939"/>
        <testcase name="test_scope_filter_columns_returns_query_with_comparison" file="/app/tests/Unit/Models/Scopes/ScopeFilterColumns/ModelTest.php" line="175" class="Tests\Unit\Playground\Models\Scopes\ScopeFilterColumns\ModelTest" classname="Tests.Unit.Playground.Models.Scopes.ScopeFilterColumns.ModelTest" assertions="6" time="0.027283"/>
        <testcase name="test_scope_filter_columns_with_boolean_filter_type_and_null_value" file="/app/tests/Unit/Models/Scopes/ScopeFilterColumns/ModelTest.php" line="207" class="Tests\Unit\Playground\Models\Scopes\ScopeFilterColumns\ModelTest" classname="Tests.Unit.Playground.Models.Scopes.ScopeFilterColumns.ModelTest" assertions="6" time="0.027749"/>
        <testcase name="test_scope_filter_columns_with_boolean_filter_type_and_true_value" file="/app/tests/Unit/Models/Scopes/ScopeFilterColumns/ModelTest.php" line="241" class="Tests\Unit\Playground\Models\Scopes\ScopeFilterColumns\ModelTest" classname="Tests.Unit.Playground.Models.Scopes.ScopeFilterColumns.ModelTest" assertions="6" time="0.027650"/>
        <testcase name="test_scope_filter_columns_with_boolean_filter_type_and_false_value" file="/app/tests/Unit/Models/Scopes/ScopeFilterColumns/ModelTest.php" line="275" class="Tests\Unit\Playground\Models\Scopes\ScopeFilterColumns\ModelTest" classname="Tests.Unit.Playground.Models.Scopes.ScopeFilterColumns.ModelTest" assertions="6" time="0.027714"/>
        <testcase name="test_scope_filter_columns_with_filter_operator_without_operator_and_default_to_like" file="/app/tests/Unit/Models/Scopes/ScopeFilterColumns/ModelTest.php" line="309" class="Tests\Unit\Playground\Models\Scopes\ScopeFilterColumns\ModelTest" classname="Tests.Unit.Playground.Models.Scopes.ScopeFilterColumns.ModelTest" assertions="6" time="0.027742"/>
        <testcase name="test_scope_filter_columns_with_filter_operators" file="/app/tests/Unit/Models/Scopes/ScopeFilterColumns/ModelTest.php" line="343" class="Tests\Unit\Playground\Models\Scopes\ScopeFilterColumns\ModelTest" classname="Tests.Unit.Playground.Models.Scopes.ScopeFilterColumns.ModelTest" assertions="74" time="0.035729"/>
        <testcase name="test_scope_filter_columns_with_between_filter_operator_without_single_parameter_and_ignore_between" file="/app/tests/Unit/Models/Scopes/ScopeFilterColumns/ModelTest.php" line="430" class="Tests\Unit\Playground\Models\Scopes\ScopeFilterColumns\ModelTest" classname="Tests.Unit.Playground.Models.Scopes.ScopeFilterColumns.ModelTest" assertions="4" time="0.028027"/>
        <testcase name="test_scope_filter_columns_with_between_filter_operator" file="/app/tests/Unit/Models/Scopes/ScopeFilterColumns/ModelTest.php" line="463" class="Tests\Unit\Playground\Models\Scopes\ScopeFilterColumns\ModelTest" classname="Tests.Unit.Playground.Models.Scopes.ScopeFilterColumns.ModelTest" assertions="8" time="0.028704"/>
        <testcase name="test_scope_filter_columns_with_not_between_filter_operator_without_single_parameter_and_ignore_between" file="/app/tests/Unit/Models/Scopes/ScopeFilterColumns/ModelTest.php" line="500" class="Tests\Unit\Playground\Models\Scopes\ScopeFilterColumns\ModelTest" classname="Tests.Unit.Playground.Models.Scopes.ScopeFilterColumns.ModelTest" assertions="4" time="0.028418"/>
        <testcase name="test_scope_filter_columns_with_not_between_filter_operator" file="/app/tests/Unit/Models/Scopes/ScopeFilterColumns/ModelTest.php" line="533" class="Tests\Unit\Playground\Models\Scopes\ScopeFilterColumns\ModelTest" classname="Tests.Unit.Playground.Models.Scopes.ScopeFilterColumns.ModelTest" assertions="8" time="0.029212"/>
      </testsuite>
      <testsuite name="Tests\Unit\Playground\Models\Scopes\ScopeFilterDates\ModelTest" file="/app/tests/Unit/Models/Scopes/ScopeFilterDates/ModelTest.php" tests="18" assertions="160" errors="0" failures="0" skipped="0" time="0.506547">
        <testcase name="test_scope_filter_dates_returns_query_without_dates_or_filters" file="/app/tests/Unit/Models/Scopes/ScopeFilterDates/ModelTest.php" line="37" class="Tests\Unit\Playground\Models\Scopes\ScopeFilterDates\ModelTest" classname="Tests.Unit.Playground.Models.Scopes.ScopeFilterDates.ModelTest" assertions="2" time="0.024691"/>
        <testcase name="test_scope_filter_dates_returns_query_without_filters" file="/app/tests/Unit/Models/Scopes/ScopeFilterDates/ModelTest.php" line="53" class="Tests\Unit\Playground\Models\Scopes\ScopeFilterDates\ModelTest" classname="Tests.Unit.Playground.Models.Scopes.ScopeFilterDates.ModelTest" assertions="4" time="0.025173"/>
        <testcase name="test_scope_filter_dates_returns_query_with_invalid_column" file="/app/tests/Unit/Models/Scopes/ScopeFilterDates/ModelTest.php" line="76" class="Tests\Unit\Playground\Models\Scopes\ScopeFilterDates\ModelTest" classname="Tests.Unit.Playground.Models.Scopes.ScopeFilterDates.ModelTest" assertions="4" time="0.025379"/>
        <testcase name="test_scope_filter_dates_returns_query_with_filters_without_meta_for_strings" file="/app/tests/Unit/Models/Scopes/ScopeFilterDates/ModelTest.php" line="106" class="Tests\Unit\Playground\Models\Scopes\ScopeFilterDates\ModelTest" classname="Tests.Unit.Playground.Models.Scopes.ScopeFilterDates.ModelTest" assertions="6" time="0.027326"/>
        <testcase name="test_scope_filter_dates_returns_query_with_null_comparison_and_ignore" file="/app/tests/Unit/Models/Scopes/ScopeFilterDates/ModelTest.php" line="141" class="Tests\Unit\Playground\Models\Scopes\ScopeFilterDates\ModelTest" classname="Tests.Unit.Playground.Models.Scopes.ScopeFilterDates.ModelTest" assertions="4" time="0.026029"/>
        <testcase name="test_scope_filter_dates_returns_query_with_null_comparison_and_allow" file="/app/tests/Unit/Models/Scopes/ScopeFilterDates/ModelTest.php" line="176" class="Tests\Unit\Playground\Models\Scopes\ScopeFilterDates\ModelTest" classname="Tests.Unit.Playground.Models.Scopes.ScopeFilterDates.ModelTest" assertions="4" time="0.026363"/>
        <testcase name="test_scope_filter_dates_returns_query_with_comparison" file="/app/tests/Unit/Models/Scopes/ScopeFilterDates/ModelTest.php" line="211" class="Tests\Unit\Playground\Models\Scopes\ScopeFilterDates\ModelTest" classname="Tests.Unit.Playground.Models.Scopes.ScopeFilterDates.ModelTest" assertions="6" time="0.026837"/>
        <testcase name="test_scope_filter_dates_returns_query_with_wildcard" file="/app/tests/Unit/Models/Scopes/ScopeFilterDates/ModelTest.php" line="244" class="Tests\Unit\Playground\Models\Scopes\ScopeFilterDates\ModelTest" classname="Tests.Unit.Playground.Models.Scopes.ScopeFilterDates.ModelTest" assertions="6" time="0.028209"/>
        <testcase name="test_scope_filter_dates_returns_query_with_operator_wildcard" file="/app/tests/Unit/Models/Scopes/ScopeFilterDates/ModelTest.php" line="276" class="Tests\Unit\Playground\Models\Scopes\ScopeFilterDates\ModelTest" classname="Tests.Unit.Playground.Models.Scopes.ScopeFilterDates.ModelTest" assertions="6" time="0.027243"/>
        <testcase name="test_scope_filter_dates_returns_query_with_object_value_and_ignore" file="/app/tests/Unit/Models/Scopes/ScopeFilterDates/ModelTest.php" line="310" class="Tests\Unit\Playground\Models\Scopes\ScopeFilterDates\ModelTest" classname="Tests.Unit.Playground.Models.Scopes.ScopeFilterDates.ModelTest" assertions="4" time="0.027223"/>
        <testcase name="test_scope_filter_dates_returns_query_with_unnullable_value_and_ignore" file="/app/tests/Unit/Models/Scopes/ScopeFilterDates/ModelTest.php" line="343" class="Tests\Unit\Playground\Models\Scopes\ScopeFilterDates\ModelTest" classname="Tests.Unit.Playground.Models.Scopes.ScopeFilterDates.ModelTest" assertions="4" time="0.027495"/>
        <testcase name="test_scope_filter_dates_returns_query_with_invalid_operator_and_use_like" file="/app/tests/Unit/Models/Scopes/ScopeFilterDates/ModelTest.php" line="375" class="Tests\Unit\Playground\Models\Scopes\ScopeFilterDates\ModelTest" classname="Tests.Unit.Playground.Models.Scopes.ScopeFilterDates.ModelTest" assertions="6" time="0.029341"/>
        <testcase name="test_scope_filter_dates_returns_query_with_invalid_parsable_value_and_ignore" file="/app/tests/Unit/Models/Scopes/ScopeFilterDates/ModelTest.php" line="413" class="Tests\Unit\Playground\Models\Scopes\ScopeFilterDates\ModelTest" classname="Tests.Unit.Playground.Models.Scopes.ScopeFilterDates.ModelTest" assertions="4" time="0.028620"/>
        <testcase name="test_scope_filter_dates_returns_query_with_short_date_and_gte_operator" file="/app/tests/Unit/Models/Scopes/ScopeFilterDates/ModelTest.php" line="446" class="Tests\Unit\Playground\Models\Scopes\ScopeFilterDates\ModelTest" classname="Tests.Unit.Playground.Models.Scopes.ScopeFilterDates.ModelTest" assertions="6" time="0.028590"/>
        <testcase name="test_scope_filter_dates_returns_query_with_phrase_date_and_automatically_parse" file="/app/tests/Unit/Models/Scopes/ScopeFilterDates/ModelTest.php" line="481" class="Tests\Unit\Playground\Models\Scopes\ScopeFilterDates\ModelTest" classname="Tests.Unit.Playground.Models.Scopes.ScopeFilterDates.ModelTest" assertions="6" time="0.029191"/>
        <testcase name="test_scope_filter_dates_with_between_filter_operator_with_parse" file="/app/tests/Unit/Models/Scopes/ScopeFilterDates/ModelTest.php" line="519" class="Tests\Unit\Playground\Models\Scopes\ScopeFilterDates\ModelTest" classname="Tests.Unit.Playground.Models.Scopes.ScopeFilterDates.ModelTest" assertions="7" time="0.029907"/>
        <testcase name="test_scope_filter_dates_with_not_between_filter_operator_with_parse" file="/app/tests/Unit/Models/Scopes/ScopeFilterDates/ModelTest.php" line="564" class="Tests\Unit\Playground\Models\Scopes\ScopeFilterDates\ModelTest" classname="Tests.Unit.Playground.Models.Scopes.ScopeFilterDates.ModelTest" assertions="7" time="0.029902"/>
        <testcase name="test_scope_filter_dates_with_filter_operators" file="/app/tests/Unit/Models/Scopes/ScopeFilterDates/ModelTest.php" line="609" class="Tests\Unit\Playground\Models\Scopes\ScopeFilterDates\ModelTest" classname="Tests.Unit.Playground.Models.Scopes.ScopeFilterDates.ModelTest" assertions="74" time="0.039026"/>
      </testsuite>
      <testsuite name="Tests\Unit\Playground\Models\Scopes\ScopeFilterFlags\ModelTest" file="/app/tests/Unit/Models/Scopes/ScopeFilterFlags/ModelTest.php" tests="3" assertions="14" errors="0" failures="0" skipped="0" time="0.078286">
        <testcase name="test_scope_filter_flags_returns_query_without_flags_or_filters" file="/app/tests/Unit/Models/Scopes/ScopeFilterFlags/ModelTest.php" line="37" class="Tests\Unit\Playground\Models\Scopes\ScopeFilterFlags\ModelTest" classname="Tests.Unit.Playground.Models.Scopes.ScopeFilterFlags.ModelTest" assertions="2" time="0.024539"/>
        <testcase name="test_scope_filter_flags_returns_query_without_filters" file="/app/tests/Unit/Models/Scopes/ScopeFilterFlags/ModelTest.php" line="53" class="Tests\Unit\Playground\Models\Scopes\ScopeFilterFlags\ModelTest" classname="Tests.Unit.Playground.Models.Scopes.ScopeFilterFlags.ModelTest" assertions="4" time="0.027385"/>
        <testcase name="test_scope_filter_flags_returns_query_with_filters" file="/app/tests/Unit/Models/Scopes/ScopeFilterFlags/ModelTest.php" line="76" class="Tests\Unit\Playground\Models\Scopes\ScopeFilterFlags\ModelTest" classname="Tests.Unit.Playground.Models.Scopes.ScopeFilterFlags.ModelTest" assertions="8" time="0.026363"/>
      </testsuite>
      <testsuite name="Tests\Unit\Playground\Models\Scopes\ScopeFilterIds\ModelTest" file="/app/tests/Unit/Models/Scopes/ScopeFilterIds/ModelTest.php" tests="11" assertions="70" errors="0" failures="0" skipped="0" time="0.317063">
        <testcase name="test_scope_filter_ids_returns_query_without_ids_or_filters" file="/app/tests/Unit/Models/Scopes/ScopeFilterIds/ModelTest.php" line="37" class="Tests\Unit\Playground\Models\Scopes\ScopeFilterIds\ModelTest" classname="Tests.Unit.Playground.Models.Scopes.ScopeFilterIds.ModelTest" assertions="2" time="0.024774"/>
        <testcase name="test_scope_filter_ids_returns_query_without_filters" file="/app/tests/Unit/Models/Scopes/ScopeFilterIds/ModelTest.php" line="53" class="Tests\Unit\Playground\Models\Scopes\ScopeFilterIds\ModelTest" classname="Tests.Unit.Playground.Models.Scopes.ScopeFilterIds.ModelTest" assertions="4" time="0.025150"/>
        <testcase name="test_scope_filter_ids_returns_query_with_invalid_column" file="/app/tests/Unit/Models/Scopes/ScopeFilterIds/ModelTest.php" line="76" class="Tests\Unit\Playground\Models\Scopes\ScopeFilterIds\ModelTest" classname="Tests.Unit.Playground.Models.Scopes.ScopeFilterIds.ModelTest" assertions="4" time="0.025587"/>
        <testcase name="test_scope_filter_ids_returns_query_with_null_comparison" file="/app/tests/Unit/Models/Scopes/ScopeFilterIds/ModelTest.php" line="106" class="Tests\Unit\Playground\Models\Scopes\ScopeFilterIds\ModelTest" classname="Tests.Unit.Playground.Models.Scopes.ScopeFilterIds.ModelTest" assertions="4" time="0.026750"/>
        <testcase name="test_scope_filter_ids_returns_query_with_comparison" file="/app/tests/Unit/Models/Scopes/ScopeFilterIds/ModelTest.php" line="137" class="Tests\Unit\Playground\Models\Scopes\ScopeFilterIds\ModelTest" classname="Tests.Unit.Playground.Models.Scopes.ScopeFilterIds.ModelTest" assertions="6" time="0.026129"/>
        <testcase name="test_scope_filter_ids_returns_query_with_filters_array" file="/app/tests/Unit/Models/Scopes/ScopeFilterIds/ModelTest.php" line="169" class="Tests\Unit\Playground\Models\Scopes\ScopeFilterIds\ModelTest" classname="Tests.Unit.Playground.Models.Scopes.ScopeFilterIds.ModelTest" assertions="10" time="0.044524"/>
        <testcase name="test_scope_filter_ids_returns_query_with_filters_with_integer" file="/app/tests/Unit/Models/Scopes/ScopeFilterIds/ModelTest.php" line="219" class="Tests\Unit\Playground\Models\Scopes\ScopeFilterIds\ModelTest" classname="Tests.Unit.Playground.Models.Scopes.ScopeFilterIds.ModelTest" assertions="6" time="0.027988"/>
        <testcase name="test_scope_filter_ids_returns_query_with_array_of_ids_without_type" file="/app/tests/Unit/Models/Scopes/ScopeFilterIds/ModelTest.php" line="260" class="Tests\Unit\Playground\Models\Scopes\ScopeFilterIds\ModelTest" classname="Tests.Unit.Playground.Models.Scopes.ScopeFilterIds.ModelTest" assertions="10" time="0.028558"/>
        <testcase name="test_scope_filter_ids_returns_query_with_array_of_uuids_for_integer_type_ids_and_ignore" file="/app/tests/Unit/Models/Scopes/ScopeFilterIds/ModelTest.php" line="308" class="Tests\Unit\Playground\Models\Scopes\ScopeFilterIds\ModelTest" classname="Tests.Unit.Playground.Models.Scopes.ScopeFilterIds.ModelTest" assertions="4" time="0.028480"/>
        <testcase name="test_scope_filter_ids_returns_query_with_array_of_integer_ids_ignore_duplicate_id" file="/app/tests/Unit/Models/Scopes/ScopeFilterIds/ModelTest.php" line="349" class="Tests\Unit\Playground\Models\Scopes\ScopeFilterIds\ModelTest" classname="Tests.Unit.Playground.Models.Scopes.ScopeFilterIds.ModelTest" assertions="8" time="0.027604"/>
        <testcase name="test_scope_filter_ids_returns_query_with_filters_with_null_and_string_and_array" file="/app/tests/Unit/Models/Scopes/ScopeFilterIds/ModelTest.php" line="395" class="Tests\Unit\Playground\Models\Scopes\ScopeFilterIds\ModelTest" classname="Tests.Unit.Playground.Models.Scopes.ScopeFilterIds.ModelTest" assertions="12" time="0.031521"/>
      </testsuite>
      <testsuite name="Tests\Unit\Playground\Models\Scopes\ScopeFilterTrash\ModelTest" file="/app/tests/Unit/Models/Scopes/ScopeFilterTrash/ModelTest.php" tests="3" assertions="6" errors="0" failures="0" skipped="0" time="0.074500">
        <testcase name="test_scope_filter_trash_returns_query_with_empty_visibility" file="/app/tests/Unit/Models/Scopes/ScopeFilterTrash/ModelTest.php" line="37" class="Tests\Unit\Playground\Models\Scopes\ScopeFilterTrash\ModelTest" classname="Tests.Unit.Playground.Models.Scopes.ScopeFilterTrash.ModelTest" assertions="2" time="0.024573"/>
        <testcase name="test_scope_filter_trash_returns_query_with_trash" file="/app/tests/Unit/Models/Scopes/ScopeFilterTrash/ModelTest.php" line="53" class="Tests\Unit\Playground\Models\Scopes\ScopeFilterTrash\ModelTest" classname="Tests.Unit.Playground.Models.Scopes.ScopeFilterTrash.ModelTest" assertions="2" time="0.024770"/>
        <testcase name="test_scope_filter_trash_returns_query_with_only_trash" file="/app/tests/Unit/Models/Scopes/ScopeFilterTrash/ModelTest.php" line="71" class="Tests\Unit\Playground\Models\Scopes\ScopeFilterTrash\ModelTest" classname="Tests.Unit.Playground.Models.Scopes.ScopeFilterTrash.ModelTest" assertions="2" time="0.025157"/>
      </testsuite>
      <testsuite name="Tests\Unit\Playground\Models\Scopes\ScopeSort\ModelTest" file="/app/tests/Unit/Models/Scopes/ScopeSort/ModelTest.php" tests="11" assertions="23" errors="0" failures="0" skipped="0" time="0.286445">
        <testcase name="test_scope_sort_returns_query_with_empty_sort" file="/app/tests/Unit/Models/Scopes/ScopeSort/ModelTest.php" line="37" class="Tests\Unit\Playground\Models\Scopes\ScopeSort\ModelTest" classname="Tests.Unit.Playground.Models.Scopes.ScopeSort.ModelTest" assertions="3" time="0.024462"/>
        <testcase name="test_scope_sort_returns_query_with_array_boolean_sort_asc" file="/app/tests/Unit/Models/Scopes/ScopeSort/ModelTest.php" line="55" class="Tests\Unit\Playground\Models\Scopes\ScopeSort\ModelTest" classname="Tests.Unit.Playground.Models.Scopes.ScopeSort.ModelTest" assertions="2" time="0.025024"/>
        <testcase name="test_scope_sort_returns_query_with_array_boolean_sort_desc" file="/app/tests/Unit/Models/Scopes/ScopeSort/ModelTest.php" line="75" class="Tests\Unit\Playground\Models\Scopes\ScopeSort\ModelTest" classname="Tests.Unit.Playground.Models.Scopes.ScopeSort.ModelTest" assertions="2" time="0.025322"/>
        <testcase name="test_scope_sort_returns_query_with_array_boolean_sort_pair" file="/app/tests/Unit/Models/Scopes/ScopeSort/ModelTest.php" line="95" class="Tests\Unit\Playground\Models\Scopes\ScopeSort\ModelTest" classname="Tests.Unit.Playground.Models.Scopes.ScopeSort.ModelTest" assertions="2" time="0.025508"/>
        <testcase name="test_scope_sort_returns_query_with_array_boolean_sort_triplet" file="/app/tests/Unit/Models/Scopes/ScopeSort/ModelTest.php" line="116" class="Tests\Unit\Playground\Models\Scopes\ScopeSort\ModelTest" classname="Tests.Unit.Playground.Models.Scopes.ScopeSort.ModelTest" assertions="2" time="0.025753"/>
        <testcase name="test_scope_sort_returns_query_with_csv_sort_asc" file="/app/tests/Unit/Models/Scopes/ScopeSort/ModelTest.php" line="138" class="Tests\Unit\Playground\Models\Scopes\ScopeSort\ModelTest" classname="Tests.Unit.Playground.Models.Scopes.ScopeSort.ModelTest" assertions="2" time="0.026153"/>
        <testcase name="test_scope_sort_returns_query_with_csv_sort_desc" file="/app/tests/Unit/Models/Scopes/ScopeSort/ModelTest.php" line="154" class="Tests\Unit\Playground\Models\Scopes\ScopeSort\ModelTest" classname="Tests.Unit.Playground.Models.Scopes.ScopeSort.ModelTest" assertions="2" time="0.026359"/>
        <testcase name="test_scope_sort_returns_query_with_simple_array_asc" file="/app/tests/Unit/Models/Scopes/ScopeSort/ModelTest.php" line="179" class="Tests\Unit\Playground\Models\Scopes\ScopeSort\ModelTest" classname="Tests.Unit.Playground.Models.Scopes.ScopeSort.ModelTest" assertions="2" time="0.026409"/>
        <testcase name="test_scope_sort_returns_query_with_simple_array_desc" file="/app/tests/Unit/Models/Scopes/ScopeSort/ModelTest.php" line="197" class="Tests\Unit\Playground\Models\Scopes\ScopeSort\ModelTest" classname="Tests.Unit.Playground.Models.Scopes.ScopeSort.ModelTest" assertions="2" time="0.026759"/>
        <testcase name="test_scope_sort_returns_query_with_hash_array_asc" file="/app/tests/Unit/Models/Scopes/ScopeSort/ModelTest.php" line="215" class="Tests\Unit\Playground\Models\Scopes\ScopeSort\ModelTest" classname="Tests.Unit.Playground.Models.Scopes.ScopeSort.ModelTest" assertions="2" time="0.027499"/>
        <testcase name="test_scope_sort_returns_query_with_hash_array_desc" file="/app/tests/Unit/Models/Scopes/ScopeSort/ModelTest.php" line="235" class="Tests\Unit\Playground\Models\Scopes\ScopeSort\ModelTest" classname="Tests.Unit.Playground.Models.Scopes.ScopeSort.ModelTest" assertions="2" time="0.027195"/>
      </testsuite>
      <testsuite name="Tests\Unit\Playground\Models\User\ModelTest" file="/app/tests/Unit/Models/User/ModelTest.php" tests="4" assertions="39" errors="0" failures="0" skipped="0" time="0.160545">
        <testcase name="test_add_has_and_remove_abilities" file="/app/tests/Unit/Models/User/ModelTest.php" line="18" class="Tests\Unit\Playground\Models\User\ModelTest" classname="Tests.Unit.Playground.Models.User.ModelTest" assertions="9" time="0.083020"/>
        <testcase name="test_add_has_and_remove_privileges" file="/app/tests/Unit/Models/User/ModelTest.php" line="52" class="Tests\Unit\Playground\Models\User\ModelTest" classname="Tests.Unit.Playground.Models.User.ModelTest" assertions="9" time="0.025234"/>
        <testcase name="test_add_has_and_remove_roles" file="/app/tests/Unit/Models/User/ModelTest.php" line="86" class="Tests\Unit\Playground\Models\User\ModelTest" classname="Tests.Unit.Playground.Models.User.ModelTest" assertions="15" time="0.026324"/>
        <testcase name="test_is_admin_with_admins_and_users" file="/app/tests/Unit/Models/User/ModelTest.php" line="147" class="Tests\Unit\Playground\Models\User\ModelTest" classname="Tests.Unit.Playground.Models.User.ModelTest" assertions="6" time="0.025967"/>
      </testsuite>
      <testsuite name="Tests\Unit\Playground\ServiceProvider\InstanceTest" file="/app/tests/Unit/ServiceProvider/InstanceTest.php" tests="5" assertions="8" errors="0" failures="0" skipped="0" time="0.121643">
        <testcase name="test_version" file="/app/tests/Unit/ServiceProvider/InstanceTest.php" line="20" class="Tests\Unit\Playground\ServiceProvider\InstanceTest" classname="Tests.Unit.Playground.ServiceProvider.InstanceTest" assertions="2" time="0.022522"/>
        <testcase name="test_user_primary_key_type_with_empty_model" file="/app/tests/Unit/ServiceProvider/InstanceTest.php" line="27" class="Tests\Unit\Playground\ServiceProvider\InstanceTest" classname="Tests.Unit.Playground.ServiceProvider.InstanceTest" assertions="1" time="0.022880"/>
        <testcase name="test_user_primary_key_type_with_incrementing_model" file="/app/tests/Unit/ServiceProvider/InstanceTest.php" line="41" class="Tests\Unit\Playground\ServiceProvider\InstanceTest" classname="Tests.Unit.Playground.ServiceProvider.InstanceTest" assertions="1" time="0.025092"/>
        <testcase name="test_user_primary_key_type_with_uuid_model" file="/app/tests/Unit/ServiceProvider/InstanceTest.php" line="55" class="Tests\Unit\Playground\ServiceProvider\InstanceTest" classname="Tests.Unit.Playground.ServiceProvider.InstanceTest" assertions="1" time="0.025826"/>
        <testcase name="test_user_primary_key_type_with_exception" file="/app/tests/Unit/ServiceProvider/InstanceTest.php" line="69" class="Tests\Unit\Playground\ServiceProvider\InstanceTest" classname="Tests.Unit.Playground.ServiceProvider.InstanceTest" assertions="3" time="0.025323"/>
      </testsuite>
    </testsuite>
    <testsuite name="Feature" tests="2" assertions="11" errors="0" failures="0" skipped="0" time="0.268362">
      <testsuite name="Tests\Feature\Playground\Console\Commands\About\CommandTest" file="/app/tests/Feature/Console/Commands/About/CommandTest.php" tests="1" assertions="2" errors="0" failures="0" skipped="0" time="0.156577">
        <testcase name="test_command_about_displays_package_information_and_succeed_with_code_0" file="/app/tests/Feature/Console/Commands/About/CommandTest.php" line="34" class="Tests\Feature\Playground\Console\Commands\About\CommandTest" classname="Tests.Feature.Playground.Console.Commands.About.CommandTest" assertions="2" time="0.156577"/>
      </testsuite>
      <testsuite name="Tests\Feature\Playground\Models\User\ModelTest" file="/app/tests/Feature/Models/User/ModelTest.php" tests="1" assertions="9" errors="0" failures="0" skipped="0" time="0.111785">
        <testcase name="test_save_model_in_database" file="/app/tests/Feature/Models/User/ModelTest.php" line="20" class="Tests\Feature\Playground\Models\User\ModelTest" classname="Tests.Feature.Playground.Models.User.ModelTest" assertions="9" time="0.111785"/>
      </testsuite>
    </testsuite>
  </testsuite>
</testsuites>
